TN:
SF:middleware\audit.js
FN:4,(anonymous_0)
FN:13,(anonymous_1)
FN:18,(anonymous_2)
FN:23,(anonymous_3)
FN:33,(anonymous_4)
FN:34,(anonymous_5)
FN:39,(anonymous_6)
FN:45,(anonymous_7)
FN:55,(anonymous_8)
FN:181,(anonymous_9)
FN:208,(anonymous_10)
FN:215,(anonymous_11)
FN:237,(anonymous_12)
FN:246,(anonymous_13)
FN:254,(anonymous_14)
FNF:15
FNH:1
FNDA:0,(anonymous_0)
FNDA:0,(anonymous_1)
FNDA:0,(anonymous_2)
FNDA:0,(anonymous_3)
FNDA:18,(anonymous_4)
FNDA:0,(anonymous_5)
FNDA:0,(anonymous_6)
FNDA:0,(anonymous_7)
FNDA:0,(anonymous_8)
FNDA:0,(anonymous_9)
FNDA:0,(anonymous_10)
FNDA:0,(anonymous_11)
FNDA:0,(anonymous_12)
FNDA:0,(anonymous_13)
FNDA:0,(anonymous_14)
DA:1,2
DA:4,2
DA:5,0
DA:13,2
DA:14,0
DA:18,2
DA:19,0
DA:23,2
DA:24,0
DA:25,0
DA:27,0
DA:33,2
DA:34,18
DA:35,0
DA:36,0
DA:39,0
DA:40,0
DA:41,0
DA:45,0
DA:46,0
DA:47,0
DA:50,0
DA:55,2
DA:56,0
DA:57,0
DA:58,0
DA:59,0
DA:60,0
DA:63,0
DA:64,0
DA:66,0
DA:67,0
DA:68,0
DA:69,0
DA:74,0
DA:75,0
DA:76,0
DA:77,0
DA:78,0
DA:82,0
DA:90,0
DA:91,0
DA:94,0
DA:95,0
DA:96,0
DA:97,0
DA:99,0
DA:103,0
DA:104,0
DA:107,0
DA:121,0
DA:123,0
DA:128,2
DA:133,2
DA:138,2
DA:144,2
DA:150,2
DA:156,2
DA:162,2
DA:168,2
DA:174,2
DA:181,2
DA:182,0
DA:183,0
DA:184,0
DA:185,0
DA:186,0
DA:188,0
DA:201,0
DA:203,0
DA:208,2
DA:209,0
DA:215,2
DA:216,0
DA:217,0
DA:230,0
DA:232,0
DA:237,2
DA:238,0
DA:246,2
DA:247,0
DA:254,2
DA:255,0
DA:261,2
LF:84
LH:24
BRDA:5,0,0,0
BRDA:5,0,1,0
BRDA:5,0,2,0
BRDA:5,0,3,0
BRDA:5,0,4,0
BRDA:8,1,0,0
BRDA:8,1,1,0
BRDA:14,2,0,0
BRDA:14,2,1,0
BRDA:19,3,0,0
BRDA:19,3,1,0
BRDA:19,3,2,0
BRDA:33,4,0,0
BRDA:57,5,0,0
BRDA:57,5,1,0
BRDA:66,6,0,0
BRDA:66,6,1,0
BRDA:68,7,0,0
BRDA:68,7,1,0
BRDA:68,8,0,0
BRDA:68,8,1,0
BRDA:69,9,0,0
BRDA:69,9,1,0
BRDA:69,9,2,0
BRDA:75,10,0,0
BRDA:75,10,1,0
BRDA:77,11,0,0
BRDA:77,11,1,0
BRDA:77,12,0,0
BRDA:77,12,1,0
BRDA:90,13,0,0
BRDA:90,13,1,0
BRDA:90,14,0,0
BRDA:90,14,1,0
BRDA:103,15,0,0
BRDA:103,15,1,0
BRDA:103,16,0,0
BRDA:103,16,1,0
BRDA:118,17,0,0
BRDA:118,17,1,0
BRDA:181,18,0,0
BRDA:181,19,0,0
BRDA:183,20,0,0
BRDA:183,20,1,0
BRDA:196,21,0,0
BRDA:196,21,1,0
BRDA:198,22,0,0
BRDA:198,22,1,0
BRDA:208,23,0,0
BRDA:215,24,0,0
BRDA:215,25,0,0
BRDA:225,26,0,0
BRDA:225,26,1,0
BRF:53
BRH:0
end_of_record
TN:
SF:middleware\auth.js
FN:6,(anonymous_0)
FN:44,(anonymous_1)
FN:118,(anonymous_2)
FN:130,(anonymous_3)
FN:145,(anonymous_4)
FN:166,(anonymous_5)
FN:169,(anonymous_6)
FN:197,(anonymous_7)
FN:240,(anonymous_8)
FN:257,(anonymous_9)
FN:259,(anonymous_10)
FN:269,(anonymous_11)
FNF:12
FNH:0
FNDA:0,(anonymous_0)
FNDA:0,(anonymous_1)
FNDA:0,(anonymous_2)
FNDA:0,(anonymous_3)
FNDA:0,(anonymous_4)
FNDA:0,(anonymous_5)
FNDA:0,(anonymous_6)
FNDA:0,(anonymous_7)
FNDA:0,(anonymous_8)
FNDA:0,(anonymous_9)
FNDA:0,(anonymous_10)
FNDA:0,(anonymous_11)
DA:1,2
DA:2,2
DA:3,2
DA:6,2
DA:7,0
DA:8,0
DA:10,0
DA:11,0
DA:14,0
DA:15,0
DA:17,0
DA:18,0
DA:21,0
DA:22,0
DA:26,0
DA:27,0
DA:33,0
DA:34,0
DA:36,0
DA:37,0
DA:39,0
DA:44,2
DA:45,0
DA:46,0
DA:48,0
DA:49,0
DA:53,0
DA:55,0
DA:56,0
DA:57,0
DA:61,0
DA:62,0
DA:63,0
DA:64,0
DA:71,0
DA:72,0
DA:77,0
DA:79,0
DA:81,0
DA:83,0
DA:86,0
DA:87,0
DA:88,0
DA:94,0
DA:101,0
DA:102,0
DA:106,0
DA:107,0
DA:109,0
DA:110,0
DA:112,0
DA:113,0
DA:118,2
DA:119,0
DA:120,0
DA:121,0
DA:123,0
DA:125,0
DA:130,2
DA:131,0
DA:132,0
DA:134,0
DA:135,0
DA:137,0
DA:140,0
DA:145,2
DA:146,0
DA:147,0
DA:149,0
DA:150,0
DA:151,0
DA:153,0
DA:154,0
DA:158,0
DA:161,0
DA:166,2
DA:167,0
DA:169,0
DA:170,0
DA:171,0
DA:173,0
DA:174,0
DA:177,0
DA:179,0
DA:180,0
DA:181,0
DA:184,0
DA:186,0
DA:187,0
DA:192,0
DA:197,2
DA:198,0
DA:200,0
DA:201,0
DA:205,0
DA:206,0
DA:207,0
DA:208,0
DA:209,0
DA:211,0
DA:213,0
DA:214,0
DA:216,0
DA:217,0
DA:219,0
DA:220,0
DA:222,0
DA:223,0
DA:225,0
DA:226,0
DA:229,0
DA:230,0
DA:236,0
DA:240,2
DA:241,0
DA:243,0
DA:244,0
DA:247,0
DA:249,0
DA:250,0
DA:253,0
DA:257,2
DA:259,0
DA:260,0
DA:261,0
DA:269,0
DA:270,0
DA:272,0
DA:273,0
DA:276,0
DA:277,0
DA:278,0
DA:279,0
DA:280,0
DA:281,0
DA:283,0
DA:286,0
DA:290,0
DA:291,0
DA:292,0
DA:294,0
DA:297,2
LF:142
LH:13
BRDA:10,0,0,0
BRDA:10,0,1,0
BRDA:17,1,0,0
BRDA:17,1,1,0
BRDA:21,2,0,0
BRDA:21,2,1,0
BRDA:26,3,0,0
BRDA:26,3,1,0
BRDA:36,4,0,0
BRDA:36,4,1,0
BRDA:48,5,0,0
BRDA:48,5,1,0
BRDA:48,6,0,0
BRDA:48,6,1,0
BRDA:55,7,0,0
BRDA:55,7,1,0
BRDA:61,8,0,0
BRDA:61,8,1,0
BRDA:63,9,0,0
BRDA:63,9,1,0
BRDA:79,10,0,0
BRDA:79,10,1,0
BRDA:86,11,0,0
BRDA:86,11,1,0
BRDA:101,12,0,0
BRDA:101,12,1,0
BRDA:120,13,0,0
BRDA:120,13,1,0
BRDA:132,14,0,0
BRDA:132,14,1,0
BRDA:132,14,2,0
BRDA:134,15,0,0
BRDA:134,15,1,0
BRDA:134,16,0,0
BRDA:134,16,1,0
BRDA:149,17,0,0
BRDA:149,17,1,0
BRDA:153,18,0,0
BRDA:153,18,1,0
BRDA:153,19,0,0
BRDA:153,19,1,0
BRDA:153,19,2,0
BRDA:166,20,0,0
BRDA:166,21,0,0
BRDA:173,22,0,0
BRDA:173,22,1,0
BRDA:179,23,0,0
BRDA:179,23,1,0
BRDA:186,24,0,0
BRDA:186,24,1,0
BRDA:200,25,0,0
BRDA:200,25,1,0
BRDA:213,26,0,0
BRDA:213,26,1,0
BRDA:216,27,0,0
BRDA:216,27,1,0
BRDA:219,28,0,0
BRDA:219,28,1,0
BRDA:222,29,0,0
BRDA:222,29,1,0
BRDA:225,30,0,0
BRDA:225,30,1,0
BRDA:229,31,0,0
BRDA:229,31,1,0
BRDA:243,32,0,0
BRDA:243,32,1,0
BRDA:249,33,0,0
BRDA:249,33,1,0
BRDA:260,34,0,0
BRDA:260,34,1,0
BRDA:270,35,0,0
BRDA:270,35,1,0
BRDA:270,36,0,0
BRDA:270,36,1,0
BRDA:272,37,0,0
BRDA:272,37,1,0
BRDA:278,38,0,0
BRDA:278,38,1,0
BRDA:280,39,0,0
BRDA:280,39,1,0
BRDA:290,40,0,0
BRDA:290,40,1,0
BRDA:291,41,0,0
BRDA:291,41,1,0
BRDA:292,42,0,0
BRDA:292,42,1,0
BRF:86
BRH:0
end_of_record
TN:
SF:middleware\upload.js
FN:56,(anonymous_0)
FN:94,(anonymous_1)
FN:121,(anonymous_2)
FN:132,(anonymous_3)
FNF:4
FNH:0
FNDA:0,(anonymous_0)
FNDA:0,(anonymous_1)
FNDA:0,(anonymous_2)
FNDA:0,(anonymous_3)
DA:1,2
DA:2,2
DA:3,2
DA:4,2
DA:7,2
DA:14,2
DA:28,2
DA:42,2
DA:56,2
DA:57,0
DA:58,0
DA:59,0
DA:61,0
DA:62,0
DA:64,0
DA:69,2
DA:77,2
DA:85,2
DA:94,2
DA:95,0
DA:96,0
DA:97,0
DA:102,0
DA:103,0
DA:110,0
DA:111,0
DA:117,0
DA:121,2
DA:122,0
DA:123,0
DA:124,0
DA:126,0
DA:127,0
DA:132,2
DA:133,0
DA:134,0
DA:135,0
DA:138,2
LF:38
LH:16
BRDA:61,0,0,0
BRDA:61,0,1,0
BRDA:61,1,0,0
BRDA:61,1,1,0
BRDA:95,2,0,0
BRDA:95,2,1,0
BRDA:96,3,0,0
BRDA:96,3,1,0
BRDA:102,4,0,0
BRDA:102,4,1,0
BRDA:110,5,0,0
BRDA:110,5,1,0
BRF:12
BRH:0
end_of_record
TN:
SF:models\AuditLog.js
FN:101,(anonymous_0)
FN:114,(anonymous_1)
FN:126,(anonymous_2)
FN:164,(anonymous_3)
FN:202,(anonymous_4)
FNF:5
FNH:0
FNDA:0,(anonymous_0)
FNDA:0,(anonymous_1)
FNDA:0,(anonymous_2)
FNDA:0,(anonymous_3)
FNDA:0,(anonymous_4)
DA:1,2
DA:3,2
DA:94,2
DA:95,2
DA:96,2
DA:97,2
DA:98,2
DA:101,2
DA:102,0
DA:114,2
DA:115,0
DA:116,0
DA:117,0
DA:118,0
DA:120,0
DA:121,0
DA:126,2
DA:127,0
DA:129,0
DA:131,0
DA:132,0
DA:133,0
DA:134,0
DA:135,0
DA:137,0
DA:138,0
DA:144,0
DA:150,0
DA:152,0
DA:164,2
DA:165,0
DA:172,0
DA:198,0
DA:202,2
DA:203,0
DA:204,0
DA:206,0
DA:210,0
DA:213,2
LF:39
LH:13
BRDA:126,0,0,0
BRDA:126,1,0,0
BRDA:126,2,0,0
BRDA:131,3,0,0
BRDA:131,3,1,0
BRDA:132,4,0,0
BRDA:132,4,1,0
BRDA:133,5,0,0
BRDA:133,5,1,0
BRDA:134,6,0,0
BRDA:134,6,1,0
BRDA:135,7,0,0
BRDA:135,7,1,0
BRDA:137,8,0,0
BRDA:137,8,1,0
BRDA:137,9,0,0
BRDA:137,9,1,0
BRDA:202,10,0,0
BRF:18
BRH:0
end_of_record
TN:
SF:models\Category.js
FN:85,(anonymous_0)
FN:98,(anonymous_1)
FN:115,(anonymous_2)
FN:123,(anonymous_3)
FN:130,(anonymous_4)
FN:142,(anonymous_5)
FN:147,(anonymous_6)
FN:149,(anonymous_7)
FN:150,(anonymous_8)
FNF:9
FNH:2
FNDA:20,(anonymous_0)
FNDA:20,(anonymous_1)
FNDA:0,(anonymous_2)
FNDA:0,(anonymous_3)
FNDA:0,(anonymous_4)
FNDA:0,(anonymous_5)
FNDA:0,(anonymous_6)
FNDA:0,(anonymous_7)
FNDA:0,(anonymous_8)
DA:1,2
DA:3,2
DA:71,2
DA:78,2
DA:85,2
DA:86,20
DA:87,20
DA:94,20
DA:98,2
DA:99,20
DA:100,20
DA:101,0
DA:102,0
DA:103,0
DA:104,0
DA:107,20
DA:108,20
DA:111,20
DA:115,2
DA:116,0
DA:118,0
DA:119,0
DA:123,0
DA:124,0
DA:126,0
DA:130,2
DA:131,0
DA:132,0
DA:137,0
DA:138,0
DA:142,2
DA:143,0
DA:147,0
DA:148,0
DA:149,0
DA:150,0
DA:156,0
DA:160,2
DA:161,2
DA:162,2
DA:163,2
DA:164,2
DA:166,2
LF:43
LH:23
BRDA:86,0,0,20
BRDA:86,0,1,0
BRDA:86,1,0,20
BRDA:86,1,1,0
BRDA:99,2,0,20
BRDA:99,2,1,0
BRDA:99,3,0,20
BRDA:99,3,1,20
BRDA:100,4,0,0
BRDA:100,4,1,20
BRDA:102,5,0,0
BRDA:102,5,1,0
BRDA:104,6,0,0
BRDA:104,6,1,0
BRDA:116,7,0,0
BRDA:116,7,1,0
BRDA:147,8,0,0
BRF:17
BRH:6
end_of_record
TN:
SF:models\Content.js
FN:209,(anonymous_0)
FN:219,(anonymous_1)
FN:238,(anonymous_2)
FN:244,(anonymous_3)
FN:250,(anonymous_4)
FN:258,(anonymous_5)
FN:268,(anonymous_6)
FN:275,(anonymous_7)
FN:281,(anonymous_8)
FN:287,(anonymous_9)
FN:304,(anonymous_10)
FN:326,(anonymous_11)
FN:347,(anonymous_12)
FN:356,(anonymous_13)
FNF:14
FNH:0
FNDA:0,(anonymous_0)
FNDA:0,(anonymous_1)
FNDA:0,(anonymous_2)
FNDA:0,(anonymous_3)
FNDA:0,(anonymous_4)
FNDA:0,(anonymous_5)
FNDA:0,(anonymous_6)
FNDA:0,(anonymous_7)
FNDA:0,(anonymous_8)
FNDA:0,(anonymous_9)
FNDA:0,(anonymous_10)
FNDA:0,(anonymous_11)
FNDA:0,(anonymous_12)
FNDA:0,(anonymous_13)
DA:1,0
DA:3,0
DA:209,0
DA:210,0
DA:219,0
DA:220,0
DA:222,0
DA:223,0
DA:224,0
DA:225,0
DA:228,0
DA:229,0
DA:230,0
DA:231,0
DA:234,0
DA:238,0
DA:239,0
DA:240,0
DA:244,0
DA:245,0
DA:246,0
DA:250,0
DA:251,0
DA:252,0
DA:254,0
DA:258,0
DA:259,0
DA:260,0
DA:261,0
DA:264,0
DA:268,0
DA:269,0
DA:270,0
DA:271,0
DA:275,0
DA:276,0
DA:277,0
DA:281,0
DA:282,0
DA:283,0
DA:287,0
DA:288,0
DA:290,0
DA:292,0
DA:293,0
DA:294,0
DA:296,0
DA:297,0
DA:300,0
DA:304,0
DA:305,0
DA:311,0
DA:312,0
DA:315,0
DA:316,0
DA:321,0
DA:326,0
DA:327,0
DA:329,0
DA:347,0
DA:348,0
DA:356,0
DA:357,0
DA:366,0
DA:367,0
DA:368,0
DA:369,0
DA:370,0
DA:371,0
DA:372,0
DA:373,0
DA:376,0
DA:386,0
LF:73
LH:0
BRDA:210,0,0,0
BRDA:210,0,1,0
BRDA:222,1,0,0
BRDA:222,1,1,0
BRDA:222,2,0,0
BRDA:222,2,1,0
BRDA:223,3,0,0
BRDA:223,3,1,0
BRDA:223,4,0,0
BRDA:223,4,1,0
BRDA:224,5,0,0
BRDA:224,5,1,0
BRDA:224,6,0,0
BRDA:224,6,1,0
BRDA:228,7,0,0
BRDA:228,7,1,0
BRDA:228,8,0,0
BRDA:228,8,1,0
BRDA:229,9,0,0
BRDA:229,9,1,0
BRDA:229,10,0,0
BRDA:229,10,1,0
BRDA:230,11,0,0
BRDA:230,11,1,0
BRDA:230,12,0,0
BRDA:230,12,1,0
BRDA:239,13,0,0
BRDA:239,13,1,0
BRDA:245,14,0,0
BRDA:245,14,1,0
BRDA:251,15,0,0
BRDA:251,15,1,0
BRDA:251,16,0,0
BRDA:251,16,1,0
BRDA:259,17,0,0
BRDA:259,17,1,0
BRDA:259,18,0,0
BRDA:259,18,1,0
BRDA:259,18,2,0
BRDA:260,19,0,0
BRDA:260,19,1,0
BRDA:288,20,0,0
BRDA:288,20,1,0
BRDA:292,21,0,0
BRDA:292,21,1,0
BRDA:292,22,0,0
BRDA:292,22,1,0
BRDA:293,23,0,0
BRDA:293,23,1,0
BRDA:293,24,0,0
BRDA:293,24,1,0
BRDA:294,25,0,0
BRDA:294,25,1,0
BRDA:296,26,0,0
BRDA:296,26,1,0
BRDA:296,27,0,0
BRDA:296,27,1,0
BRDA:304,28,0,0
BRDA:311,29,0,0
BRDA:311,29,1,0
BRDA:356,30,0,0
BRF:61
BRH:0
end_of_record
TN:
SF:models\Order.js
FN:342,(anonymous_0)
FN:347,(anonymous_1)
FN:354,(anonymous_2)
FN:355,(anonymous_3)
FN:359,(anonymous_4)
FN:367,(anonymous_5)
FN:373,(anonymous_6)
FN:379,(anonymous_7)
FN:388,(anonymous_8)
FN:390,(anonymous_9)
FN:399,(anonymous_10)
FN:426,(anonymous_11)
FN:438,(anonymous_12)
FN:461,(anonymous_13)
FN:468,(anonymous_14)
FN:485,(anonymous_15)
FN:493,(anonymous_16)
FN:516,(anonymous_17)
FN:553,(anonymous_18)
FN:579,(anonymous_19)
FN:617,(anonymous_20)
FN:641,(anonymous_21)
FN:643,(anonymous_22)
FN:644,(anonymous_23)
FN:645,(anonymous_24)
FN:648,(anonymous_25)
FN:649,(anonymous_26)
FN:667,(anonymous_27)
FN:696,(anonymous_28)
FNF:29
FNH:0
FNDA:0,(anonymous_0)
FNDA:0,(anonymous_1)
FNDA:0,(anonymous_2)
FNDA:0,(anonymous_3)
FNDA:0,(anonymous_4)
FNDA:0,(anonymous_5)
FNDA:0,(anonymous_6)
FNDA:0,(anonymous_7)
FNDA:0,(anonymous_8)
FNDA:0,(anonymous_9)
FNDA:0,(anonymous_10)
FNDA:0,(anonymous_11)
FNDA:0,(anonymous_12)
FNDA:0,(anonymous_13)
FNDA:0,(anonymous_14)
FNDA:0,(anonymous_15)
FNDA:0,(anonymous_16)
FNDA:0,(anonymous_17)
FNDA:0,(anonymous_18)
FNDA:0,(anonymous_19)
FNDA:0,(anonymous_20)
FNDA:0,(anonymous_21)
FNDA:0,(anonymous_22)
FNDA:0,(anonymous_23)
FNDA:0,(anonymous_24)
FNDA:0,(anonymous_25)
FNDA:0,(anonymous_26)
FNDA:0,(anonymous_27)
FNDA:0,(anonymous_28)
DA:1,2
DA:3,2
DA:342,2
DA:343,0
DA:347,2
DA:348,0
DA:349,0
DA:350,0
DA:354,2
DA:355,0
DA:359,2
DA:360,0
DA:367,2
DA:368,0
DA:369,0
DA:373,2
DA:374,0
DA:375,0
DA:379,2
DA:380,0
DA:381,0
DA:382,0
DA:384,0
DA:388,2
DA:390,0
DA:393,0
DA:395,0
DA:399,2
DA:400,0
DA:401,0
DA:407,0
DA:409,0
DA:410,0
DA:412,0
DA:413,0
DA:415,0
DA:416,0
DA:418,0
DA:419,0
DA:422,0
DA:426,2
DA:427,0
DA:428,0
DA:434,0
DA:438,2
DA:439,0
DA:440,0
DA:441,0
DA:443,0
DA:445,0
DA:446,0
DA:448,0
DA:449,0
DA:451,0
DA:452,0
DA:454,0
DA:457,0
DA:461,2
DA:462,0
DA:463,0
DA:464,0
DA:468,2
DA:469,0
DA:470,0
DA:472,0
DA:473,0
DA:475,0
DA:479,0
DA:481,0
DA:485,2
DA:486,0
DA:493,2
DA:494,0
DA:496,0
DA:511,0
DA:512,0
DA:516,2
DA:517,0
DA:518,0
DA:519,0
DA:522,0
DA:523,0
DA:531,0
DA:533,0
DA:534,0
DA:536,0
DA:537,0
DA:539,0
DA:540,0
DA:542,0
DA:543,0
DA:545,0
DA:546,0
DA:549,0
DA:553,2
DA:554,0
DA:556,0
DA:574,0
DA:575,0
DA:579,2
DA:580,0
DA:581,0
DA:582,0
DA:585,0
DA:586,0
DA:594,0
DA:596,0
DA:597,0
DA:599,0
DA:600,0
DA:602,0
DA:603,0
DA:605,0
DA:606,0
DA:609,0
DA:610,0
DA:613,0
DA:617,2
DA:618,0
DA:619,0
DA:622,0
DA:623,0
DA:626,0
DA:627,0
DA:628,0
DA:630,0
DA:637,0
DA:641,2
DA:642,0
DA:643,0
DA:644,0
DA:645,0
DA:647,0
DA:648,0
DA:649,0
DA:651,0
DA:667,2
DA:668,0
DA:686,0
DA:687,0
DA:696,2
DA:697,0
DA:715,0
DA:716,0
DA:720,2
DA:721,2
DA:722,2
DA:723,2
DA:724,2
DA:725,2
DA:726,2
DA:728,2
LF:152
LH:32
BRDA:380,0,0,0
BRDA:380,0,1,0
BRDA:400,1,0,0
BRDA:400,1,1,0
BRDA:400,2,0,0
BRDA:400,2,1,0
BRDA:407,3,0,0
BRDA:407,3,1,0
BRDA:407,3,2,0
BRDA:407,3,3,0
BRDA:409,4,0,0
BRDA:409,4,1,0
BRDA:412,5,0,0
BRDA:412,5,1,0
BRDA:415,6,0,0
BRDA:415,6,1,0
BRDA:418,7,0,0
BRDA:418,7,1,0
BRDA:443,8,0,0
BRDA:443,8,1,0
BRDA:443,8,2,0
BRDA:443,8,3,0
BRDA:454,9,0,0
BRDA:454,9,1,0
BRDA:461,10,0,0
BRDA:468,11,0,0
BRDA:472,12,0,0
BRDA:472,12,1,0
BRDA:518,13,0,0
BRDA:518,13,1,0
BRDA:531,14,0,0
BRDA:531,14,1,0
BRDA:531,14,2,0
BRDA:531,14,3,0
BRDA:531,14,4,0
BRDA:560,15,0,0
BRDA:560,15,1,0
BRDA:561,16,0,0
BRDA:561,16,1,0
BRDA:579,17,0,0
BRDA:581,18,0,0
BRDA:581,18,1,0
BRDA:594,19,0,0
BRDA:594,19,1,0
BRDA:594,19,2,0
BRDA:594,19,3,0
BRDA:609,20,0,0
BRDA:609,20,1,0
BRDA:618,21,0,0
BRDA:618,21,1,0
BRDA:622,22,0,0
BRDA:622,22,1,0
BRDA:687,23,0,0
BRDA:687,23,1,0
BRF:54
BRH:0
end_of_record
TN:
SF:models\Product.js
FN:388,(anonymous_0)
FN:390,(anonymous_1)
FN:396,(anonymous_2)
FN:401,(anonymous_3)
FN:410,(anonymous_4)
FN:412,(anonymous_5)
FN:420,(anonymous_6)
FN:431,(anonymous_7)
FN:436,(anonymous_8)
FN:442,(anonymous_9)
FN:455,(anonymous_10)
FN:463,(anonymous_11)
FN:468,(anonymous_12)
FN:480,(anonymous_13)
FN:486,(anonymous_14)
FN:536,(anonymous_15)
FN:572,(anonymous_16)
FN:608,(anonymous_17)
FN:646,(anonymous_18)
FN:648,(anonymous_19)
FN:656,(anonymous_20)
FN:660,(anonymous_21)
FN:692,(anonymous_22)
FNF:23
FNH:0
FNDA:0,(anonymous_0)
FNDA:0,(anonymous_1)
FNDA:0,(anonymous_2)
FNDA:0,(anonymous_3)
FNDA:0,(anonymous_4)
FNDA:0,(anonymous_5)
FNDA:0,(anonymous_6)
FNDA:0,(anonymous_7)
FNDA:0,(anonymous_8)
FNDA:0,(anonymous_9)
FNDA:0,(anonymous_10)
FNDA:0,(anonymous_11)
FNDA:0,(anonymous_12)
FNDA:0,(anonymous_13)
FNDA:0,(anonymous_14)
FNDA:0,(anonymous_15)
FNDA:0,(anonymous_16)
FNDA:0,(anonymous_17)
FNDA:0,(anonymous_18)
FNDA:0,(anonymous_19)
FNDA:0,(anonymous_20)
FNDA:0,(anonymous_21)
FNDA:0,(anonymous_22)
DA:1,2
DA:3,2
DA:388,2
DA:389,0
DA:390,0
DA:392,0
DA:396,2
DA:397,0
DA:399,0
DA:400,0
DA:401,0
DA:403,0
DA:406,0
DA:410,2
DA:411,0
DA:412,0
DA:413,0
DA:416,0
DA:420,2
DA:421,0
DA:423,0
DA:424,0
DA:425,0
DA:427,0
DA:431,2
DA:432,0
DA:436,2
DA:437,0
DA:438,0
DA:442,2
DA:443,0
DA:444,0
DA:451,0
DA:455,2
DA:456,0
DA:457,0
DA:459,0
DA:463,2
DA:464,0
DA:465,0
DA:467,0
DA:468,0
DA:469,0
DA:470,0
DA:472,0
DA:473,0
DA:476,0
DA:480,2
DA:481,0
DA:482,0
DA:486,2
DA:487,0
DA:488,0
DA:489,0
DA:490,0
DA:491,0
DA:492,0
DA:493,0
DA:496,0
DA:497,0
DA:498,0
DA:503,0
DA:504,0
DA:508,0
DA:517,0
DA:518,0
DA:519,0
DA:520,0
DA:523,0
DA:532,0
DA:536,2
DA:537,0
DA:538,0
DA:539,0
DA:540,0
DA:541,0
DA:543,0
DA:550,0
DA:552,0
DA:554,0
DA:555,0
DA:556,0
DA:558,0
DA:565,0
DA:567,0
DA:572,2
DA:573,0
DA:574,0
DA:575,0
DA:576,0
DA:577,0
DA:579,0
DA:586,0
DA:588,0
DA:590,0
DA:591,0
DA:592,0
DA:594,0
DA:601,0
DA:603,0
DA:608,2
DA:609,0
DA:610,0
DA:611,0
DA:613,0
DA:614,0
DA:617,0
DA:618,0
DA:620,0
DA:628,0
DA:629,0
DA:632,0
DA:633,0
DA:635,0
DA:646,2
DA:647,0
DA:648,0
DA:649,0
DA:652,0
DA:656,2
DA:657,0
DA:659,0
DA:660,0
DA:661,0
DA:662,0
DA:676,0
DA:677,0
DA:688,0
DA:692,2
DA:693,0
DA:694,0
DA:695,0
DA:696,0
DA:697,0
DA:699,0
DA:701,0
DA:705,2
DA:706,2
DA:707,2
DA:708,2
DA:709,2
DA:710,2
DA:711,2
DA:712,2
DA:713,2
DA:714,2
DA:715,2
DA:716,2
DA:719,2
DA:728,2
LF:150
LH:33
BRDA:389,0,0,0
BRDA:389,0,1,0
BRDA:389,1,0,0
BRDA:389,1,1,0
BRDA:397,2,0,0
BRDA:397,2,1,0
BRDA:399,3,0,0
BRDA:399,3,1,0
BRDA:400,4,0,0
BRDA:400,4,1,0
BRDA:400,5,0,0
BRDA:400,5,1,0
BRDA:403,6,0,0
BRDA:403,6,1,0
BRDA:411,7,0,0
BRDA:411,7,1,0
BRDA:411,8,0,0
BRDA:411,8,1,0
BRDA:413,9,0,0
BRDA:413,9,1,0
BRDA:421,10,0,0
BRDA:421,10,1,0
BRDA:421,11,0,0
BRDA:421,11,1,0
BRDA:424,12,0,0
BRDA:424,12,1,0
BRDA:424,13,0,0
BRDA:424,13,1,0
BRDA:425,14,0,0
BRDA:425,14,1,0
BRDA:425,15,0,0
BRDA:425,15,1,0
BRDA:432,16,0,0
BRDA:432,16,1,0
BRDA:437,17,0,0
BRDA:437,17,1,0
BRDA:443,18,0,0
BRDA:443,18,1,0
BRDA:443,19,0,0
BRDA:443,19,1,0
BRDA:456,20,0,0
BRDA:456,20,1,0
BRDA:456,21,0,0
BRDA:456,21,1,0
BRDA:456,21,2,0
BRDA:467,22,0,0
BRDA:467,22,1,0
BRDA:486,23,0,0
BRDA:486,24,0,0
BRDA:486,25,0,0
BRDA:487,26,0,0
BRDA:487,26,1,0
BRDA:489,27,0,0
BRDA:489,27,1,0
BRDA:496,28,0,0
BRDA:496,28,1,0
BRDA:496,29,0,0
BRDA:496,29,1,0
BRDA:503,30,0,0
BRDA:503,30,1,0
BRDA:503,31,0,0
BRDA:503,31,1,0
BRDA:509,32,0,0
BRDA:509,32,1,0
BRDA:524,33,0,0
BRDA:524,33,1,0
BRDA:537,34,0,0
BRDA:537,34,1,0
BRDA:539,35,0,0
BRDA:539,35,1,0
BRDA:539,36,0,0
BRDA:539,36,1,0
BRDA:554,37,0,0
BRDA:554,37,1,0
BRDA:573,38,0,0
BRDA:573,38,1,0
BRDA:575,39,0,0
BRDA:575,39,1,0
BRDA:575,40,0,0
BRDA:575,40,1,0
BRDA:590,41,0,0
BRDA:590,41,1,0
BRDA:609,42,0,0
BRDA:609,42,1,0
BRDA:611,43,0,0
BRDA:611,43,1,0
BRDA:613,44,0,0
BRDA:613,44,1,0
BRDA:617,45,0,0
BRDA:617,45,1,0
BRDA:628,46,0,0
BRDA:628,46,1,0
BRDA:632,47,0,0
BRDA:632,47,1,0
BRDA:647,48,0,0
BRDA:647,48,1,0
BRDA:647,49,0,0
BRDA:647,49,1,0
BRDA:649,50,0,0
BRDA:649,50,1,0
BRDA:659,51,0,0
BRDA:659,51,1,0
BRDA:659,52,0,0
BRDA:659,52,1,0
BRDA:661,53,0,0
BRDA:661,53,1,0
BRDA:671,54,0,0
BRDA:671,54,1,0
BRDA:676,55,0,0
BRDA:676,55,1,0
BRDA:683,56,0,0
BRDA:683,56,1,0
BRDA:694,57,0,0
BRDA:694,57,1,0
BRDA:696,58,0,0
BRDA:696,58,1,0
BRF:116
BRH:0
end_of_record
TN:
SF:models\Support.js
FN:198,(anonymous_0)
FN:203,(anonymous_1)
FN:210,(anonymous_2)
FN:217,(anonymous_3)
FN:223,(anonymous_4)
FN:229,(anonymous_5)
FN:230,(anonymous_6)
FN:237,(anonymous_7)
FN:246,(anonymous_8)
FN:267,(anonymous_9)
FN:282,(anonymous_10)
FN:294,(anonymous_11)
FN:307,(anonymous_12)
FN:319,(anonymous_13)
FN:329,(anonymous_14)
FN:337,(anonymous_15)
FN:345,(anonymous_16)
FN:357,(anonymous_17)
FNF:18
FNH:0
FNDA:0,(anonymous_0)
FNDA:0,(anonymous_1)
FNDA:0,(anonymous_2)
FNDA:0,(anonymous_3)
FNDA:0,(anonymous_4)
FNDA:0,(anonymous_5)
FNDA:0,(anonymous_6)
FNDA:0,(anonymous_7)
FNDA:0,(anonymous_8)
FNDA:0,(anonymous_9)
FNDA:0,(anonymous_10)
FNDA:0,(anonymous_11)
FNDA:0,(anonymous_12)
FNDA:0,(anonymous_13)
FNDA:0,(anonymous_14)
FNDA:0,(anonymous_15)
FNDA:0,(anonymous_16)
FNDA:0,(anonymous_17)
DA:1,0
DA:3,0
DA:198,0
DA:199,0
DA:203,0
DA:204,0
DA:205,0
DA:206,0
DA:210,0
DA:211,0
DA:212,0
DA:213,0
DA:217,0
DA:218,0
DA:219,0
DA:223,0
DA:224,0
DA:225,0
DA:229,0
DA:230,0
DA:231,0
DA:237,0
DA:238,0
DA:239,0
DA:240,0
DA:242,0
DA:246,0
DA:247,0
DA:248,0
DA:254,0
DA:256,0
DA:257,0
DA:259,0
DA:260,0
DA:263,0
DA:267,0
DA:268,0
DA:276,0
DA:278,0
DA:282,0
DA:283,0
DA:284,0
DA:290,0
DA:294,0
DA:295,0
DA:296,0
DA:297,0
DA:303,0
DA:307,0
DA:308,0
DA:309,0
DA:315,0
DA:319,0
DA:320,0
DA:325,0
DA:329,0
DA:330,0
DA:337,0
DA:338,0
DA:345,0
DA:346,0
DA:347,0
DA:357,0
DA:358,0
DA:399,0
DA:400,0
DA:411,0
DA:412,0
DA:413,0
DA:414,0
DA:415,0
DA:416,0
DA:417,0
DA:418,0
DA:419,0
DA:422,0
DA:429,0
LF:77
LH:0
BRDA:218,0,0,0
BRDA:218,0,1,0
BRDA:219,1,0,0
BRDA:219,1,1,0
BRDA:219,1,2,0
BRDA:224,2,0,0
BRDA:224,2,1,0
BRDA:231,3,0,0
BRDA:231,3,1,0
BRDA:238,4,0,0
BRDA:238,4,1,0
BRDA:247,5,0,0
BRDA:247,5,1,0
BRDA:247,6,0,0
BRDA:247,6,1,0
BRDA:254,7,0,0
BRDA:254,7,1,0
BRDA:256,8,0,0
BRDA:256,8,1,0
BRDA:259,9,0,0
BRDA:259,9,1,0
BRDA:267,10,0,0
BRDA:267,11,0,0
BRDA:267,12,0,0
BRDA:400,13,0,0
BRDA:400,13,1,0
BRF:26
BRH:0
end_of_record
TN:
SF:models\User.js
FN:121,(anonymous_0)
FN:126,(anonymous_1)
FN:131,(anonymous_2)
FN:139,(anonymous_3)
FN:144,(anonymous_4)
FN:153,(anonymous_5)
FN:167,(anonymous_6)
FN:185,(anonymous_7)
FNF:8
FNH:1
FNDA:0,(anonymous_0)
FNDA:0,(anonymous_1)
FNDA:20,(anonymous_2)
FNDA:0,(anonymous_3)
FNDA:0,(anonymous_4)
FNDA:0,(anonymous_5)
FNDA:0,(anonymous_6)
FNDA:0,(anonymous_7)
DA:1,2
DA:2,2
DA:3,2
DA:5,2
DA:121,2
DA:122,0
DA:126,2
DA:127,0
DA:131,2
DA:132,20
DA:134,20
DA:135,20
DA:139,2
DA:140,0
DA:144,2
DA:145,0
DA:153,2
DA:154,0
DA:156,0
DA:161,0
DA:163,0
DA:167,2
DA:168,0
DA:169,0
DA:175,0
DA:177,0
DA:178,0
DA:181,0
DA:185,2
DA:186,0
DA:192,2
DA:193,2
DA:194,2
DA:196,2
LF:34
LH:19
BRDA:127,0,0,0
BRDA:127,0,1,0
BRDA:132,1,0,0
BRDA:132,1,1,20
BRDA:168,2,0,0
BRDA:168,2,1,0
BRDA:168,3,0,0
BRDA:168,3,1,0
BRDA:177,4,0,0
BRDA:177,4,1,0
BRDA:177,5,0,0
BRDA:177,5,1,0
BRF:12
BRH:1
end_of_record
TN:
SF:routes\admin.js
FN:12,(anonymous_0)
FN:208,(anonymous_1)
FN:343,(anonymous_2)
FN:447,(anonymous_3)
FN:552,(anonymous_4)
FN:585,(anonymous_5)
FN:602,(anonymous_6)
FN:610,(anonymous_7)
FN:618,(anonymous_8)
FN:635,(anonymous_9)
FN:660,(anonymous_10)
FN:689,(anonymous_11)
FN:708,(anonymous_12)
FN:750,(anonymous_13)
FNF:14
FNH:0
FNDA:0,(anonymous_0)
FNDA:0,(anonymous_1)
FNDA:0,(anonymous_2)
FNDA:0,(anonymous_3)
FNDA:0,(anonymous_4)
FNDA:0,(anonymous_5)
FNDA:0,(anonymous_6)
FNDA:0,(anonymous_7)
FNDA:0,(anonymous_8)
FNDA:0,(anonymous_9)
FNDA:0,(anonymous_10)
FNDA:0,(anonymous_11)
FNDA:0,(anonymous_12)
FNDA:0,(anonymous_13)
DA:1,2
DA:2,2
DA:3,2
DA:4,2
DA:5,2
DA:6,2
DA:7,2
DA:12,2
DA:13,0
DA:14,0
DA:15,0
DA:16,0
DA:17,0
DA:18,0
DA:19,0
DA:22,0
DA:23,0
DA:24,0
DA:25,0
DA:28,0
DA:31,0
DA:34,0
DA:39,0
DA:42,0
DA:47,0
DA:57,0
DA:72,0
DA:88,0
DA:94,0
DA:101,0
DA:136,0
DA:146,0
DA:165,0
DA:167,0
DA:169,0
DA:173,0
DA:200,0
DA:201,0
DA:208,2
DA:209,0
DA:210,0
DA:211,0
DA:212,0
DA:214,0
DA:215,0
DA:216,0
DA:218,0
DA:219,0
DA:225,0
DA:230,0
DA:231,0
DA:237,0
DA:242,0
DA:243,0
DA:244,0
DA:245,0
DA:247,0
DA:250,0
DA:257,0
DA:264,0
DA:296,0
DA:328,0
DA:335,0
DA:336,0
DA:343,2
DA:344,0
DA:345,0
DA:348,0
DA:367,0
DA:377,0
DA:403,0
DA:432,0
DA:439,0
DA:440,0
DA:447,2
DA:448,0
DA:449,0
DA:450,0
DA:451,0
DA:452,0
DA:455,0
DA:491,0
DA:512,0
DA:532,0
DA:544,0
DA:545,0
DA:552,2
DA:553,0
DA:554,0
DA:564,0
DA:571,0
DA:577,0
DA:578,0
DA:585,2
DA:586,0
DA:587,0
DA:591,0
DA:596,0
DA:601,0
DA:602,0
DA:610,0
DA:618,0
DA:620,0
DA:627,0
DA:628,0
DA:635,2
DA:636,0
DA:639,0
DA:647,0
DA:652,0
DA:653,0
DA:660,2
DA:661,0
DA:663,0
DA:679,0
DA:681,0
DA:682,0
DA:689,2
DA:690,0
DA:691,0
DA:695,0
DA:700,0
DA:701,0
DA:708,2
DA:709,0
DA:710,0
DA:712,0
DA:713,0
DA:716,0
DA:717,0
DA:718,0
DA:719,0
DA:720,0
DA:722,0
DA:727,0
DA:737,0
DA:742,0
DA:743,0
DA:750,2
DA:751,0
DA:752,0
DA:754,0
DA:755,0
DA:756,0
DA:762,0
DA:763,0
DA:765,0
DA:769,0
DA:771,0
DA:774,0
DA:776,0
DA:779,0
DA:781,0
DA:784,0
DA:786,0
DA:787,0
DA:788,0
DA:790,0
DA:798,0
DA:799,0
DA:803,2
LF:161
LH:19
BRDA:165,0,0,0
BRDA:165,0,1,0
BRDA:167,1,0,0
BRDA:167,1,1,0
BRDA:169,2,0,0
BRDA:169,2,1,0
BRDA:170,3,0,0
BRDA:170,3,1,0
BRDA:170,4,0,0
BRDA:170,4,1,0
BRDA:171,5,0,0
BRDA:171,5,1,0
BRDA:179,6,0,0
BRDA:179,6,1,0
BRDA:180,7,0,0
BRDA:180,7,1,0
BRDA:186,8,0,0
BRDA:186,8,1,0
BRDA:210,9,0,0
BRDA:215,10,0,0
BRDA:215,10,1,0
BRDA:216,11,0,0
BRDA:216,11,1,0
BRDA:218,12,0,0
BRDA:218,12,1,0
BRDA:230,13,0,0
BRDA:230,13,1,0
BRDA:242,14,0,0
BRDA:242,14,1,0
BRDA:345,15,0,0
BRDA:560,16,0,0
BRDA:560,16,1,0
BRDA:587,17,0,0
BRDA:587,18,0,0
BRDA:664,19,0,0
BRDA:664,19,1,0
BRDA:665,20,0,0
BRDA:665,20,1,0
BRDA:666,21,0,0
BRDA:666,21,1,0
BRDA:667,22,0,0
BRDA:667,22,1,0
BRDA:712,23,0,0
BRDA:712,23,1,0
BRDA:712,24,0,0
BRDA:712,24,1,0
BRDA:717,25,0,0
BRDA:717,25,1,0
BRDA:719,26,0,0
BRDA:719,26,1,0
BRDA:719,27,0,0
BRDA:719,27,1,0
BRDA:752,28,0,0
BRDA:752,29,0,0
BRDA:755,30,0,0
BRDA:755,30,1,0
BRDA:755,31,0,0
BRDA:755,31,1,0
BRDA:763,32,0,0
BRDA:763,32,1,0
BRDA:763,32,2,0
BRDA:763,32,3,0
BRDA:784,33,0,0
BRDA:784,33,1,0
BRF:64
BRH:0
end_of_record
TN:
SF:routes\audit.js
FN:8,(anonymous_0)
FN:63,(anonymous_1)
FN:98,(anonymous_2)
FN:130,(anonymous_3)
FN:175,(anonymous_4)
FN:219,(anonymous_5)
FN:257,(anonymous_6)
FN:270,(anonymous_7)
FN:270,(anonymous_8)
FN:296,(anonymous_9)
FN:327,(anonymous_10)
FN:360,(anonymous_11)
FN:361,(anonymous_12)
FN:362,(anonymous_13)
FNF:14
FNH:0
FNDA:0,(anonymous_0)
FNDA:0,(anonymous_1)
FNDA:0,(anonymous_2)
FNDA:0,(anonymous_3)
FNDA:0,(anonymous_4)
FNDA:0,(anonymous_5)
FNDA:0,(anonymous_6)
FNDA:0,(anonymous_7)
FNDA:0,(anonymous_8)
FNDA:0,(anonymous_9)
FNDA:0,(anonymous_10)
FNDA:0,(anonymous_11)
FNDA:0,(anonymous_12)
FNDA:0,(anonymous_13)
DA:1,2
DA:2,2
DA:3,2
DA:4,2
DA:5,2
DA:8,2
DA:9,0
DA:22,0
DA:25,0
DA:26,0
DA:27,0
DA:28,0
DA:29,0
DA:30,0
DA:31,0
DA:32,0
DA:33,0
DA:37,0
DA:40,0
DA:47,0
DA:53,0
DA:54,0
DA:63,2
DA:64,0
DA:65,0
DA:67,0
DA:68,0
DA:74,0
DA:77,0
DA:83,0
DA:88,0
DA:89,0
DA:98,2
DA:99,0
DA:100,0
DA:103,0
DA:104,0
DA:111,0
DA:115,0
DA:120,0
DA:121,0
DA:130,2
DA:131,0
DA:140,0
DA:142,0
DA:150,0
DA:153,0
DA:159,0
DA:165,0
DA:166,0
DA:175,2
DA:176,0
DA:184,0
DA:186,0
DA:194,0
DA:197,0
DA:203,0
DA:209,0
DA:210,0
DA:219,2
DA:220,0
DA:228,0
DA:231,0
DA:232,0
DA:233,0
DA:234,0
DA:235,0
DA:236,0
DA:237,0
DA:238,0
DA:242,0
DA:245,0
DA:257,0
DA:269,0
DA:270,0
DA:274,0
DA:281,0
DA:282,0
DA:284,0
DA:286,0
DA:287,0
DA:296,2
DA:297,0
DA:298,0
DA:300,0
DA:303,0
DA:308,0
DA:317,0
DA:318,0
DA:327,2
DA:328,0
DA:329,0
DA:332,0
DA:334,0
DA:336,0
DA:337,0
DA:339,0
DA:340,0
DA:342,0
DA:343,0
DA:345,0
DA:346,0
DA:348,0
DA:351,0
DA:354,0
DA:357,0
DA:360,0
DA:361,0
DA:362,0
DA:363,0
DA:365,0
DA:368,0
DA:375,0
DA:386,0
DA:391,0
DA:396,0
DA:397,0
DA:405,2
LF:118
LH:14
BRDA:11,0,0,0
BRDA:12,1,0,0
BRDA:20,2,0,0
BRDA:21,3,0,0
BRDA:26,4,0,0
BRDA:26,4,1,0
BRDA:27,5,0,0
BRDA:27,5,1,0
BRDA:28,6,0,0
BRDA:28,6,1,0
BRDA:29,7,0,0
BRDA:29,7,1,0
BRDA:30,8,0,0
BRDA:30,8,1,0
BRDA:31,9,0,0
BRDA:31,9,1,0
BRDA:31,10,0,0
BRDA:31,10,1,0
BRDA:67,11,0,0
BRDA:67,11,1,0
BRDA:67,12,0,0
BRDA:67,12,1,0
BRDA:103,13,0,0
BRDA:103,13,1,0
BRDA:133,14,0,0
BRDA:134,15,0,0
BRDA:144,16,0,0
BRDA:144,16,1,0
BRDA:145,17,0,0
BRDA:145,17,1,0
BRDA:146,18,0,0
BRDA:146,18,1,0
BRDA:147,19,0,0
BRDA:147,19,1,0
BRDA:147,19,2,0
BRDA:178,20,0,0
BRDA:179,21,0,0
BRDA:189,22,0,0
BRDA:189,22,1,0
BRDA:190,23,0,0
BRDA:190,23,1,0
BRDA:191,24,0,0
BRDA:191,24,1,0
BRDA:191,24,2,0
BRDA:232,25,0,0
BRDA:232,25,1,0
BRDA:233,26,0,0
BRDA:233,26,1,0
BRDA:234,27,0,0
BRDA:234,27,1,0
BRDA:235,28,0,0
BRDA:235,28,1,0
BRDA:236,29,0,0
BRDA:236,29,1,0
BRDA:236,30,0,0
BRDA:236,30,1,0
BRDA:259,31,0,0
BRDA:259,31,1,0
BRDA:262,32,0,0
BRDA:262,32,1,0
BRDA:265,33,0,0
BRDA:265,33,1,0
BRDA:298,34,0,0
BRDA:329,35,0,0
BRDA:334,36,0,0
BRDA:334,36,1,0
BRDA:334,36,2,0
BRDA:334,36,3,0
BRDA:334,36,4,0
BRDA:363,37,0,0
BRDA:363,37,1,0
BRDA:380,38,0,0
BRDA:380,38,1,0
BRF:73
BRH:0
end_of_record
TN:
SF:routes\auth.js
FN:12,(anonymous_0)
FN:78,(anonymous_1)
FN:102,(anonymous_2)
FN:190,(anonymous_3)
FN:265,(anonymous_4)
FN:301,(anonymous_5)
FN:368,(anonymous_6)
FN:407,(anonymous_7)
FN:414,(anonymous_8)
FN:469,(anonymous_9)
FN:513,(anonymous_10)
FNF:11
FNH:0
FNDA:0,(anonymous_0)
FNDA:0,(anonymous_1)
FNDA:0,(anonymous_2)
FNDA:0,(anonymous_3)
FNDA:0,(anonymous_4)
FNDA:0,(anonymous_5)
FNDA:0,(anonymous_6)
FNDA:0,(anonymous_7)
FNDA:0,(anonymous_8)
FNDA:0,(anonymous_9)
FNDA:0,(anonymous_10)
DA:1,2
DA:2,2
DA:3,2
DA:4,2
DA:5,2
DA:6,2
DA:7,2
DA:12,2
DA:13,0
DA:14,0
DA:17,0
DA:18,0
DA:25,0
DA:26,0
DA:27,0
DA:31,0
DA:41,0
DA:44,0
DA:47,0
DA:48,0
DA:58,0
DA:61,0
DA:75,0
DA:77,0
DA:78,0
DA:79,0
DA:85,0
DA:86,0
DA:92,0
DA:102,2
DA:103,0
DA:104,0
DA:107,0
DA:108,0
DA:112,0
DA:114,0
DA:115,0
DA:119,0
DA:120,0
DA:127,0
DA:128,0
DA:132,0
DA:134,0
DA:135,0
DA:136,0
DA:140,0
DA:141,0
DA:145,0
DA:146,0
DA:149,0
DA:152,0
DA:153,0
DA:164,0
DA:167,0
DA:182,0
DA:183,0
DA:190,2
DA:191,0
DA:192,0
DA:195,0
DA:196,0
DA:200,0
DA:205,0
DA:206,0
DA:210,0
DA:211,0
DA:218,0
DA:219,0
DA:223,0
DA:225,0
DA:226,0
DA:227,0
DA:231,0
DA:232,0
DA:236,0
DA:237,0
DA:240,0
DA:242,0
DA:257,0
DA:258,0
DA:265,2
DA:266,0
DA:267,0
DA:271,0
DA:293,0
DA:294,0
DA:301,2
DA:302,0
DA:311,0
DA:313,0
DA:315,0
DA:316,0
DA:320,0
DA:321,0
DA:322,0
DA:323,0
DA:331,0
DA:332,0
DA:333,0
DA:334,0
DA:335,0
DA:336,0
DA:337,0
DA:339,0
DA:341,0
DA:360,0
DA:361,0
DA:368,2
DA:369,0
DA:370,0
DA:372,0
DA:373,0
DA:376,0
DA:377,0
DA:380,0
DA:382,0
DA:383,0
DA:387,0
DA:389,0
DA:390,0
DA:394,0
DA:395,0
DA:397,0
DA:399,0
DA:400,0
DA:407,2
DA:408,0
DA:414,2
DA:415,0
DA:416,0
DA:418,0
DA:419,0
DA:422,0
DA:424,0
DA:426,0
DA:427,0
DA:431,0
DA:432,0
DA:435,0
DA:437,0
DA:438,0
DA:451,0
DA:453,0
DA:454,0
DA:455,0
DA:457,0
DA:458,0
DA:461,0
DA:462,0
DA:469,2
DA:470,0
DA:471,0
DA:473,0
DA:474,0
DA:477,0
DA:478,0
DA:482,0
DA:487,0
DA:492,0
DA:493,0
DA:497,0
DA:498,0
DA:499,0
DA:501,0
DA:503,0
DA:505,0
DA:506,0
DA:513,2
DA:514,0
DA:515,0
DA:516,0
DA:518,0
DA:519,0
DA:522,0
DA:523,0
DA:527,0
DA:532,0
DA:537,0
DA:538,0
DA:542,0
DA:543,0
DA:544,0
DA:546,0
DA:548,0
DA:550,0
DA:551,0
DA:555,2
LF:187
LH:18
BRDA:17,0,0,0
BRDA:17,0,1,0
BRDA:17,1,0,0
BRDA:17,1,1,0
BRDA:17,1,2,0
BRDA:17,1,3,0
BRDA:26,2,0,0
BRDA:26,2,1,0
BRDA:77,3,0,0
BRDA:77,3,1,0
BRDA:81,4,0,0
BRDA:81,4,1,0
BRDA:85,5,0,0
BRDA:85,5,1,0
BRDA:107,6,0,0
BRDA:107,6,1,0
BRDA:107,7,0,0
BRDA:107,7,1,0
BRDA:114,8,0,0
BRDA:114,8,1,0
BRDA:119,9,0,0
BRDA:119,9,1,0
BRDA:127,10,0,0
BRDA:127,10,1,0
BRDA:134,11,0,0
BRDA:134,11,1,0
BRDA:140,12,0,0
BRDA:140,12,1,0
BRDA:160,13,0,0
BRDA:160,13,1,0
BRDA:195,14,0,0
BRDA:195,14,1,0
BRDA:195,15,0,0
BRDA:195,15,1,0
BRDA:205,16,0,0
BRDA:205,16,1,0
BRDA:210,17,0,0
BRDA:210,17,1,0
BRDA:218,18,0,0
BRDA:218,18,1,0
BRDA:225,19,0,0
BRDA:225,19,1,0
BRDA:231,20,0,0
BRDA:231,20,1,0
BRDA:315,21,0,0
BRDA:315,21,1,0
BRDA:320,22,0,0
BRDA:320,22,1,0
BRDA:322,23,0,0
BRDA:322,23,1,0
BRDA:331,24,0,0
BRDA:331,24,1,0
BRDA:332,25,0,0
BRDA:332,25,1,0
BRDA:333,26,0,0
BRDA:333,26,1,0
BRDA:334,27,0,0
BRDA:334,27,1,0
BRDA:335,28,0,0
BRDA:335,28,1,0
BRDA:336,29,0,0
BRDA:336,29,1,0
BRDA:337,30,0,0
BRDA:337,30,1,0
BRDA:372,31,0,0
BRDA:372,31,1,0
BRDA:372,32,0,0
BRDA:372,32,1,0
BRDA:376,33,0,0
BRDA:376,33,1,0
BRDA:382,34,0,0
BRDA:382,34,1,0
BRDA:389,35,0,0
BRDA:389,35,1,0
BRDA:418,36,0,0
BRDA:418,36,1,0
BRDA:424,37,0,0
BRDA:424,37,1,0
BRDA:437,38,0,0
BRDA:437,38,1,0
BRDA:473,39,0,0
BRDA:473,39,1,0
BRDA:473,40,0,0
BRDA:473,40,1,0
BRDA:477,41,0,0
BRDA:477,41,1,0
BRDA:492,42,0,0
BRDA:492,42,1,0
BRDA:518,43,0,0
BRDA:518,43,1,0
BRDA:522,44,0,0
BRDA:522,44,1,0
BRDA:537,45,0,0
BRDA:537,45,1,0
BRF:94
BRH:0
end_of_record
TN:
SF:routes\cart.js
FN:8,(anonymous_0)
FN:24,(anonymous_1)
FN:32,(anonymous_2)
FN:89,(anonymous_3)
FN:118,(anonymous_4)
FN:150,(anonymous_5)
FN:175,(anonymous_6)
FN:227,(anonymous_7)
FN:256,(anonymous_8)
FN:277,(anonymous_9)
FN:360,(anonymous_10)
FN:369,(anonymous_11)
FN:386,(anonymous_12)
FNF:13
FNH:0
FNDA:0,(anonymous_0)
FNDA:0,(anonymous_1)
FNDA:0,(anonymous_2)
FNDA:0,(anonymous_3)
FNDA:0,(anonymous_4)
FNDA:0,(anonymous_5)
FNDA:0,(anonymous_6)
FNDA:0,(anonymous_7)
FNDA:0,(anonymous_8)
FNDA:0,(anonymous_9)
FNDA:0,(anonymous_10)
FNDA:0,(anonymous_11)
FNDA:0,(anonymous_12)
DA:1,2
DA:2,2
DA:3,2
DA:4,2
DA:5,2
DA:8,2
DA:9,0
DA:10,0
DA:19,0
DA:20,0
DA:24,0
DA:25,0
DA:28,0
DA:29,0
DA:30,0
DA:32,0
DA:33,0
DA:34,0
DA:35,0
DA:36,0
DA:37,0
DA:39,0
DA:40,0
DA:41,0
DA:43,0
DA:62,0
DA:63,0
DA:64,0
DA:66,0
DA:80,0
DA:81,0
DA:89,2
DA:90,0
DA:91,0
DA:93,0
DA:94,0
DA:97,0
DA:98,0
DA:102,0
DA:103,0
DA:104,0
DA:108,0
DA:109,0
DA:114,0
DA:117,0
DA:118,0
DA:121,0
DA:123,0
DA:125,0
DA:126,0
DA:131,0
DA:132,0
DA:135,0
DA:142,0
DA:145,0
DA:150,0
DA:151,0
DA:154,0
DA:166,0
DA:167,0
DA:175,2
DA:176,0
DA:177,0
DA:178,0
DA:180,0
DA:181,0
DA:184,0
DA:185,0
DA:187,0
DA:188,0
DA:192,0
DA:193,0
DA:194,0
DA:197,0
DA:198,0
DA:203,0
DA:204,0
DA:206,0
DA:208,0
DA:218,0
DA:219,0
DA:227,2
DA:228,0
DA:229,0
DA:231,0
DA:232,0
DA:234,0
DA:235,0
DA:238,0
DA:239,0
DA:241,0
DA:247,0
DA:248,0
DA:256,2
DA:257,0
DA:258,0
DA:259,0
DA:260,0
DA:262,0
DA:268,0
DA:269,0
DA:277,2
DA:278,0
DA:279,0
DA:281,0
DA:282,0
DA:286,0
DA:288,0
DA:289,0
DA:293,0
DA:294,0
DA:295,0
DA:296,0
DA:297,0
DA:298,0
DA:299,0
DA:304,0
DA:311,0
DA:313,0
DA:314,0
DA:317,0
DA:318,0
DA:324,0
DA:325,0
DA:326,0
DA:327,0
DA:328,0
DA:332,0
DA:334,0
DA:351,0
DA:352,0
DA:360,2
DA:361,0
DA:362,0
DA:364,0
DA:365,0
DA:368,0
DA:369,0
DA:371,0
DA:377,0
DA:378,0
DA:386,2
DA:387,0
DA:388,0
DA:390,0
DA:391,0
DA:397,0
DA:398,0
DA:400,0
DA:401,0
DA:403,0
DA:404,0
DA:409,0
DA:412,0
DA:413,0
DA:420,0
DA:423,0
DA:424,0
DA:433,0
DA:436,0
DA:446,0
DA:454,0
DA:455,0
DA:462,2
LF:164
LH:14
BRDA:19,0,0,0
BRDA:19,0,1,0
BRDA:25,1,0,0
BRDA:25,1,1,0
BRDA:35,2,0,0
BRDA:35,2,1,0
BRDA:63,3,0,0
BRDA:63,3,1,0
BRDA:83,4,0,0
BRDA:83,4,1,0
BRDA:91,5,0,0
BRDA:93,6,0,0
BRDA:93,6,1,0
BRDA:97,7,0,0
BRDA:97,7,1,0
BRDA:103,8,0,0
BRDA:103,8,1,0
BRDA:103,9,0,0
BRDA:103,9,1,0
BRDA:108,10,0,0
BRDA:108,10,1,0
BRDA:121,11,0,0
BRDA:121,11,1,0
BRDA:125,12,0,0
BRDA:125,12,1,0
BRDA:169,13,0,0
BRDA:169,13,1,0
BRDA:180,14,0,0
BRDA:180,14,1,0
BRDA:180,15,0,0
BRDA:180,15,1,0
BRDA:187,16,0,0
BRDA:187,16,1,0
BRDA:193,17,0,0
BRDA:193,17,1,0
BRDA:193,18,0,0
BRDA:193,18,1,0
BRDA:197,19,0,0
BRDA:197,19,1,0
BRDA:221,20,0,0
BRDA:221,20,1,0
BRDA:234,21,0,0
BRDA:234,21,1,0
BRDA:250,22,0,0
BRDA:250,22,1,0
BRDA:271,23,0,0
BRDA:271,23,1,0
BRDA:281,24,0,0
BRDA:281,24,1,0
BRDA:288,25,0,0
BRDA:288,25,1,0
BRDA:288,26,0,0
BRDA:288,26,1,0
BRDA:295,27,0,0
BRDA:295,27,1,0
BRDA:295,28,0,0
BRDA:295,28,1,0
BRDA:297,29,0,0
BRDA:297,29,1,0
BRDA:313,30,0,0
BRDA:313,30,1,0
BRDA:317,31,0,0
BRDA:317,31,1,0
BRDA:325,32,0,0
BRDA:325,32,1,0
BRDA:327,33,0,0
BRDA:327,33,1,0
BRDA:354,34,0,0
BRDA:354,34,1,0
BRDA:364,35,0,0
BRDA:364,35,1,0
BRDA:380,36,0,0
BRDA:380,36,1,0
BRDA:390,37,0,0
BRDA:390,37,1,0
BRDA:390,38,0,0
BRDA:390,38,1,0
BRDA:403,39,0,0
BRDA:403,39,1,0
BRDA:412,40,0,0
BRDA:412,40,1,0
BRDA:423,41,0,0
BRDA:423,41,1,0
BRDA:450,42,0,0
BRDA:450,42,1,0
BRDA:457,43,0,0
BRDA:457,43,1,0
BRF:87
BRH:0
end_of_record
TN:
SF:routes\categories.js
FN:12,(anonymous_0)
FN:39,(anonymous_1)
FN:67,(anonymous_2)
FN:82,(anonymous_3)
FN:110,(anonymous_4)
FN:166,(anonymous_5)
FN:262,(anonymous_6)
FN:355,(anonymous_7)
FN:402,(anonymous_8)
FN:413,(anonymous_9)
FN:444,(anonymous_10)
FN:476,(anonymous_11)
FN:508,(anonymous_12)
FN:625,(anonymous_13)
FNF:14
FNH:0
FNDA:0,(anonymous_0)
FNDA:0,(anonymous_1)
FNDA:0,(anonymous_2)
FNDA:0,(anonymous_3)
FNDA:0,(anonymous_4)
FNDA:0,(anonymous_5)
FNDA:0,(anonymous_6)
FNDA:0,(anonymous_7)
FNDA:0,(anonymous_8)
FNDA:0,(anonymous_9)
FNDA:0,(anonymous_10)
FNDA:0,(anonymous_11)
FNDA:0,(anonymous_12)
FNDA:0,(anonymous_13)
DA:1,2
DA:2,2
DA:3,2
DA:4,2
DA:5,2
DA:6,2
DA:7,2
DA:12,2
DA:13,0
DA:14,0
DA:16,0
DA:17,0
DA:18,0
DA:21,0
DA:23,0
DA:24,0
DA:31,0
DA:38,0
DA:40,0
DA:44,0
DA:51,0
DA:56,0
DA:57,0
DA:67,2
DA:68,0
DA:69,0
DA:71,0
DA:81,0
DA:83,0
DA:87,0
DA:94,0
DA:99,0
DA:100,0
DA:110,2
DA:111,0
DA:112,0
DA:116,0
DA:117,0
DA:119,0
DA:122,0
DA:127,0
DA:128,0
DA:135,0
DA:145,0
DA:147,0
DA:155,0
DA:156,0
DA:166,2
DA:167,0
DA:177,0
DA:180,0
DA:181,0
DA:188,0
DA:191,0
DA:192,0
DA:199,0
DA:200,0
DA:201,0
DA:202,0
DA:209,0
DA:210,0
DA:218,0
DA:219,0
DA:220,0
DA:227,0
DA:239,0
DA:242,0
DA:244,0
DA:250,0
DA:251,0
DA:262,2
DA:263,0
DA:264,0
DA:265,0
DA:268,0
DA:269,0
DA:270,0
DA:272,0
DA:277,0
DA:278,0
DA:280,0
DA:281,0
DA:285,0
DA:286,0
DA:293,0
DA:294,0
DA:295,0
DA:296,0
DA:303,0
DA:304,0
DA:311,0
DA:312,0
DA:313,0
DA:314,0
DA:319,0
DA:320,0
DA:324,0
DA:330,0
DA:331,0
DA:337,0
DA:343,0
DA:344,0
DA:355,2
DA:356,0
DA:357,0
DA:360,0
DA:361,0
DA:362,0
DA:369,0
DA:370,0
DA:371,0
DA:377,0
DA:379,0
DA:380,0
DA:386,0
DA:391,0
DA:392,0
DA:402,2
DA:403,0
DA:404,0
DA:405,0
DA:408,0
DA:413,0
DA:415,0
DA:416,0
DA:417,0
DA:418,0
DA:420,0
DA:423,0
DA:426,0
DA:428,0
DA:433,0
DA:434,0
DA:444,2
DA:445,0
DA:446,0
DA:448,0
DA:449,0
DA:450,0
DA:456,0
DA:457,0
DA:459,0
DA:465,0
DA:466,0
DA:476,2
DA:477,0
DA:478,0
DA:480,0
DA:481,0
DA:482,0
DA:488,0
DA:489,0
DA:491,0
DA:497,0
DA:498,0
DA:508,2
DA:509,0
DA:510,0
DA:521,0
DA:525,0
DA:526,0
DA:528,0
DA:531,0
DA:532,0
DA:539,0
DA:545,0
DA:546,0
DA:547,0
DA:548,0
DA:552,0
DA:553,0
DA:557,0
DA:558,0
DA:562,0
DA:563,0
DA:570,0
DA:571,0
DA:574,0
DA:575,0
DA:578,0
DA:586,0
DA:589,0
DA:590,0
DA:591,0
DA:593,0
DA:614,0
DA:615,0
DA:625,2
DA:626,0
DA:633,0
DA:642,0
DA:670,0
DA:684,0
DA:685,0
DA:692,2
LF:195
LH:19
BRDA:14,0,0,0
BRDA:14,1,0,0
BRDA:17,2,0,0
BRDA:17,2,1,0
BRDA:21,3,0,0
BRDA:21,3,1,0
BRDA:69,4,0,0
BRDA:116,5,0,0
BRDA:116,5,1,0
BRDA:127,6,0,0
BRDA:127,6,1,0
BRDA:180,7,0,0
BRDA:180,7,1,0
BRDA:191,8,0,0
BRDA:191,8,1,0
BRDA:199,9,0,0
BRDA:199,9,1,0
BRDA:201,10,0,0
BRDA:201,10,1,0
BRDA:209,11,0,0
BRDA:209,11,1,0
BRDA:219,12,0,0
BRDA:219,12,1,0
BRDA:230,13,0,0
BRDA:230,13,1,0
BRDA:231,14,0,0
BRDA:231,14,1,0
BRDA:233,15,0,0
BRDA:233,15,1,0
BRDA:235,16,0,0
BRDA:235,16,1,0
BRDA:236,17,0,0
BRDA:236,17,1,0
BRDA:254,18,0,0
BRDA:254,18,1,0
BRDA:268,19,0,0
BRDA:268,19,1,0
BRDA:268,20,0,0
BRDA:268,20,1,0
BRDA:277,21,0,0
BRDA:277,21,1,0
BRDA:280,22,0,0
BRDA:280,22,1,0
BRDA:285,23,0,0
BRDA:285,23,1,0
BRDA:288,24,0,0
BRDA:288,24,1,0
BRDA:293,25,0,0
BRDA:293,25,1,0
BRDA:295,26,0,0
BRDA:295,26,1,0
BRDA:303,27,0,0
BRDA:303,27,1,0
BRDA:313,28,0,0
BRDA:313,28,1,0
BRDA:320,29,0,0
BRDA:320,29,1,0
BRDA:330,30,0,0
BRDA:330,30,1,0
BRDA:347,31,0,0
BRDA:347,31,1,0
BRDA:361,32,0,0
BRDA:361,32,1,0
BRDA:370,33,0,0
BRDA:370,33,1,0
BRDA:379,34,0,0
BRDA:379,34,1,0
BRDA:409,35,0,0
BRDA:409,35,1,0
BRDA:415,36,0,0
BRDA:415,36,1,0
BRDA:417,37,0,0
BRDA:417,37,1,0
BRDA:449,38,0,0
BRDA:449,38,1,0
BRDA:461,39,0,0
BRDA:461,39,1,0
BRDA:481,40,0,0
BRDA:481,40,1,0
BRDA:493,41,0,0
BRDA:493,41,1,0
BRDA:512,42,0,0
BRDA:513,43,0,0
BRDA:514,44,0,0
BRDA:515,45,0,0
BRDA:520,46,0,0
BRDA:525,47,0,0
BRDA:525,47,1,0
BRDA:531,48,0,0
BRDA:531,48,1,0
BRDA:545,49,0,0
BRDA:545,49,1,0
BRDA:545,50,0,0
BRDA:545,50,1,0
BRDA:547,51,0,0
BRDA:547,51,1,0
BRDA:548,52,0,0
BRDA:548,52,1,0
BRDA:552,53,0,0
BRDA:552,53,1,0
BRDA:557,54,0,0
BRDA:557,54,1,0
BRDA:562,55,0,0
BRDA:562,55,1,0
BRDA:575,56,0,0
BRDA:575,56,1,0
BRF:106
BRH:0
end_of_record
TN:
SF:routes\cms.js
FN:8,(anonymous_0)
FN:60,(anonymous_1)
FN:93,(anonymous_2)
FN:121,(anonymous_3)
FN:165,(anonymous_4)
FN:198,(anonymous_5)
FN:218,(anonymous_6)
FN:237,(anonymous_7)
FN:256,(anonymous_8)
FN:290,(anonymous_9)
FN:310,(anonymous_10)
FN:333,(anonymous_11)
FN:377,(anonymous_12)
FN:441,(anonymous_13)
FN:492,(anonymous_14)
FNF:15
FNH:0
FNDA:0,(anonymous_0)
FNDA:0,(anonymous_1)
FNDA:0,(anonymous_2)
FNDA:0,(anonymous_3)
FNDA:0,(anonymous_4)
FNDA:0,(anonymous_5)
FNDA:0,(anonymous_6)
FNDA:0,(anonymous_7)
FNDA:0,(anonymous_8)
FNDA:0,(anonymous_9)
FNDA:0,(anonymous_10)
FNDA:0,(anonymous_11)
FNDA:0,(anonymous_12)
FNDA:0,(anonymous_13)
FNDA:0,(anonymous_14)
DA:1,0
DA:2,0
DA:3,0
DA:4,0
DA:5,0
DA:8,0
DA:9,0
DA:18,0
DA:20,0
DA:21,0
DA:22,0
DA:23,0
DA:24,0
DA:27,0
DA:28,0
DA:30,0
DA:37,0
DA:39,0
DA:50,0
DA:51,0
DA:60,0
DA:61,0
DA:62,0
DA:67,0
DA:68,0
DA:71,0
DA:77,0
DA:83,0
DA:84,0
DA:93,0
DA:94,0
DA:95,0
DA:99,0
DA:100,0
DA:106,0
DA:111,0
DA:112,0
DA:121,0
DA:122,0
DA:123,0
DA:128,0
DA:135,0
DA:136,0
DA:143,0
DA:149,0
DA:155,0
DA:156,0
DA:165,0
DA:166,0
DA:167,0
DA:169,0
DA:170,0
DA:177,0
DA:183,0
DA:188,0
DA:189,0
DA:198,0
DA:199,0
DA:200,0
DA:201,0
DA:203,0
DA:208,0
DA:209,0
DA:218,0
DA:219,0
DA:220,0
DA:222,0
DA:227,0
DA:228,0
DA:237,0
DA:238,0
DA:239,0
DA:241,0
DA:246,0
DA:247,0
DA:256,0
DA:257,0
DA:258,0
DA:265,0
DA:266,0
DA:273,0
DA:275,0
DA:280,0
DA:281,0
DA:290,0
DA:291,0
DA:292,0
DA:293,0
DA:295,0
DA:300,0
DA:301,0
DA:310,0
DA:311,0
DA:312,0
DA:318,0
DA:323,0
DA:324,0
DA:333,0
DA:334,0
DA:335,0
DA:336,0
DA:338,0
DA:339,0
DA:345,0
DA:347,0
DA:348,0
DA:350,0
DA:351,0
DA:353,0
DA:354,0
DA:356,0
DA:362,0
DA:367,0
DA:368,0
DA:377,0
DA:378,0
DA:379,0
DA:381,0
DA:382,0
DA:383,0
DA:384,0
DA:390,0
DA:426,0
DA:431,0
DA:432,0
DA:441,0
DA:442,0
DA:443,0
DA:445,0
DA:446,0
DA:452,0
DA:453,0
DA:459,0
DA:468,0
DA:474,0
DA:482,0
DA:483,0
DA:492,0
DA:493,0
DA:494,0
DA:496,0
DA:497,0
DA:503,0
DA:518,0
DA:521,0
DA:527,0
DA:533,0
DA:534,0
DA:542,0
LF:149
LH:0
BRDA:13,0,0,0
BRDA:14,1,0,0
BRDA:15,2,0,0
BRDA:16,3,0,0
BRDA:21,4,0,0
BRDA:21,4,1,0
BRDA:22,5,0,0
BRDA:22,5,1,0
BRDA:23,6,0,0
BRDA:23,6,1,0
BRDA:28,7,0,0
BRDA:28,7,1,0
BRDA:99,8,0,0
BRDA:99,8,1,0
BRDA:135,9,0,0
BRDA:135,9,1,0
BRDA:169,10,0,0
BRDA:169,10,1,0
BRDA:265,11,0,0
BRDA:265,11,1,0
BRDA:338,12,0,0
BRDA:338,12,1,0
BRDA:345,13,0,0
BRDA:345,13,1,0
BRDA:345,13,2,0
BRDA:345,13,3,0
BRDA:382,14,0,0
BRDA:382,14,1,0
BRDA:383,15,0,0
BRDA:383,15,1,0
BRDA:383,16,0,0
BRDA:383,16,1,0
BRDA:445,17,0,0
BRDA:445,17,1,0
BRDA:445,18,0,0
BRDA:445,18,1,0
BRDA:445,18,2,0
BRDA:452,19,0,0
BRDA:452,19,1,0
BRDA:496,20,0,0
BRDA:496,20,1,0
BRF:41
BRH:0
end_of_record
TN:
SF:routes\inventory.js
FN:9,(anonymous_0)
FN:39,(anonymous_1)
FN:59,(anonymous_2)
FN:79,(anonymous_3)
FN:124,(anonymous_4)
FN:154,(anonymous_5)
FN:195,(anonymous_6)
FN:236,(anonymous_7)
FN:268,(anonymous_8)
FN:296,(anonymous_9)
FN:316,(anonymous_10)
FN:351,(anonymous_11)
FN:423,(anonymous_12)
FN:448,(anonymous_13)
FN:462,(anonymous_14)
FN:462,(anonymous_15)
FNF:16
FNH:0
FNDA:0,(anonymous_0)
FNDA:0,(anonymous_1)
FNDA:0,(anonymous_2)
FNDA:0,(anonymous_3)
FNDA:0,(anonymous_4)
FNDA:0,(anonymous_5)
FNDA:0,(anonymous_6)
FNDA:0,(anonymous_7)
FNDA:0,(anonymous_8)
FNDA:0,(anonymous_9)
FNDA:0,(anonymous_10)
FNDA:0,(anonymous_11)
FNDA:0,(anonymous_12)
FNDA:0,(anonymous_13)
FNDA:0,(anonymous_14)
FNDA:0,(anonymous_15)
DA:1,2
DA:2,2
DA:3,2
DA:4,2
DA:5,2
DA:6,2
DA:9,2
DA:10,0
DA:11,0
DA:22,0
DA:24,0
DA:29,0
DA:30,0
DA:39,2
DA:40,0
DA:41,0
DA:43,0
DA:49,0
DA:50,0
DA:59,2
DA:60,0
DA:61,0
DA:63,0
DA:69,0
DA:70,0
DA:79,2
DA:80,0
DA:81,0
DA:82,0
DA:83,0
DA:85,0
DA:86,0
DA:92,0
DA:101,0
DA:114,0
DA:115,0
DA:124,2
DA:125,0
DA:126,0
DA:127,0
DA:129,0
DA:130,0
DA:136,0
DA:138,0
DA:144,0
DA:145,0
DA:154,2
DA:155,0
DA:156,0
DA:157,0
DA:159,0
DA:160,0
DA:166,0
DA:174,0
DA:185,0
DA:186,0
DA:195,2
DA:196,0
DA:197,0
DA:198,0
DA:200,0
DA:201,0
DA:207,0
DA:215,0
DA:226,0
DA:227,0
DA:236,2
DA:237,0
DA:238,0
DA:240,0
DA:241,0
DA:247,0
DA:253,0
DA:258,0
DA:259,0
DA:268,2
DA:269,0
DA:270,0
DA:271,0
DA:279,0
DA:281,0
DA:286,0
DA:287,0
DA:296,2
DA:297,0
DA:298,0
DA:300,0
DA:306,0
DA:307,0
DA:316,2
DA:317,0
DA:318,0
DA:319,0
DA:321,0
DA:322,0
DA:323,0
DA:325,0
DA:331,0
DA:341,0
DA:342,0
DA:351,2
DA:352,0
DA:359,0
DA:398,0
DA:408,0
DA:413,0
DA:414,0
DA:423,2
DA:424,0
DA:425,0
DA:432,0
DA:435,0
DA:448,0
DA:461,0
DA:462,0
DA:466,0
DA:467,0
DA:469,0
DA:471,0
DA:472,0
DA:480,2
LF:121
LH:20
BRDA:16,0,0,0
BRDA:16,0,1,0
BRDA:17,1,0,0
BRDA:17,1,1,0
BRDA:18,2,0,0
BRDA:18,2,1,0
BRDA:19,3,0,0
BRDA:19,3,1,0
BRDA:85,4,0,0
BRDA:85,4,1,0
BRDA:85,5,0,0
BRDA:85,5,1,0
BRDA:96,6,0,0
BRDA:96,6,1,0
BRDA:108,7,0,0
BRDA:108,7,1,0
BRDA:129,8,0,0
BRDA:129,8,1,0
BRDA:129,9,0,0
BRDA:129,9,1,0
BRDA:159,10,0,0
BRDA:159,10,1,0
BRDA:159,11,0,0
BRDA:159,11,1,0
BRDA:159,11,2,0
BRDA:200,12,0,0
BRDA:200,12,1,0
BRDA:200,13,0,0
BRDA:200,13,1,0
BRDA:200,13,2,0
BRDA:240,14,0,0
BRDA:240,14,1,0
BRDA:240,15,0,0
BRDA:240,15,1,0
BRDA:275,16,0,0
BRDA:275,16,1,0
BRDA:276,17,0,0
BRDA:276,17,1,0
BRDA:322,18,0,0
BRDA:322,18,1,0
BRDA:323,19,0,0
BRDA:323,19,1,0
BRDA:402,20,0,0
BRDA:402,20,1,0
BRDA:404,21,0,0
BRDA:404,21,1,0
BRDA:456,22,0,0
BRDA:456,22,1,0
BRDA:457,23,0,0
BRDA:457,23,1,0
BRDA:458,24,0,0
BRDA:458,24,1,0
BRF:52
BRH:0
end_of_record
TN:
SF:routes\orderManagement.js
FN:9,(anonymous_0)
FN:39,(anonymous_1)
FN:58,(anonymous_2)
FN:97,(anonymous_3)
FN:135,(anonymous_4)
FN:189,(anonymous_5)
FN:230,(anonymous_6)
FN:265,(anonymous_7)
FN:322,(anonymous_8)
FN:357,(anonymous_9)
FN:391,(anonymous_10)
FN:422,(anonymous_11)
FN:453,(anonymous_12)
FN:476,(anonymous_13)
FN:482,(anonymous_14)
FN:489,(anonymous_15)
FN:489,(anonymous_16)
FN:508,(anonymous_17)
FNF:18
FNH:0
FNDA:0,(anonymous_0)
FNDA:0,(anonymous_1)
FNDA:0,(anonymous_2)
FNDA:0,(anonymous_3)
FNDA:0,(anonymous_4)
FNDA:0,(anonymous_5)
FNDA:0,(anonymous_6)
FNDA:0,(anonymous_7)
FNDA:0,(anonymous_8)
FNDA:0,(anonymous_9)
FNDA:0,(anonymous_10)
FNDA:0,(anonymous_11)
FNDA:0,(anonymous_12)
FNDA:0,(anonymous_13)
FNDA:0,(anonymous_14)
FNDA:0,(anonymous_15)
FNDA:0,(anonymous_16)
FNDA:0,(anonymous_17)
DA:1,2
DA:2,2
DA:3,2
DA:4,2
DA:5,2
DA:6,2
DA:9,2
DA:10,0
DA:11,0
DA:19,0
DA:20,0
DA:22,0
DA:24,0
DA:29,0
DA:30,0
DA:39,2
DA:40,0
DA:41,0
DA:43,0
DA:48,0
DA:49,0
DA:58,2
DA:59,0
DA:60,0
DA:61,0
DA:63,0
DA:64,0
DA:70,0
DA:77,0
DA:87,0
DA:88,0
DA:97,2
DA:98,0
DA:99,0
DA:100,0
DA:102,0
DA:103,0
DA:109,0
DA:115,0
DA:125,0
DA:126,0
DA:135,2
DA:136,0
DA:137,0
DA:138,0
DA:140,0
DA:141,0
DA:147,0
DA:148,0
DA:154,0
DA:160,0
DA:166,0
DA:168,0
DA:179,0
DA:180,0
DA:189,2
DA:190,0
DA:191,0
DA:192,0
DA:194,0
DA:195,0
DA:201,0
DA:209,0
DA:220,0
DA:221,0
DA:230,2
DA:231,0
DA:232,0
DA:235,0
DA:236,0
DA:242,0
DA:243,0
DA:244,0
DA:250,0
DA:255,0
DA:256,0
DA:265,2
DA:266,0
DA:267,0
DA:268,0
DA:270,0
DA:271,0
DA:277,0
DA:278,0
DA:284,0
DA:292,0
DA:298,0
DA:300,0
DA:312,0
DA:313,0
DA:322,2
DA:323,0
DA:324,0
DA:326,0
DA:332,0
DA:334,0
DA:347,0
DA:348,0
DA:357,2
DA:358,0
DA:359,0
DA:361,0
DA:362,0
DA:368,0
DA:369,0
DA:370,0
DA:376,0
DA:381,0
DA:382,0
DA:391,2
DA:392,0
DA:393,0
DA:395,0
DA:396,0
DA:402,0
DA:407,0
DA:412,0
DA:413,0
DA:422,2
DA:423,0
DA:424,0
DA:426,0
DA:427,0
DA:433,0
DA:438,0
DA:443,0
DA:444,0
DA:453,2
DA:454,0
DA:455,0
DA:461,0
DA:464,0
DA:476,0
DA:482,0
DA:488,0
DA:489,0
DA:493,0
DA:494,0
DA:496,0
DA:498,0
DA:499,0
DA:508,2
DA:509,0
DA:510,0
DA:517,0
DA:518,0
DA:520,0
DA:522,0
DA:527,0
DA:528,0
DA:536,2
LF:151
LH:21
BRDA:19,0,0,0
BRDA:19,0,1,0
BRDA:20,1,0,0
BRDA:20,1,1,0
BRDA:63,2,0,0
BRDA:63,2,1,0
BRDA:102,3,0,0
BRDA:102,3,1,0
BRDA:140,4,0,0
BRDA:140,4,1,0
BRDA:140,5,0,0
BRDA:140,5,1,0
BRDA:140,5,2,0
BRDA:147,6,0,0
BRDA:147,6,1,0
BRDA:194,7,0,0
BRDA:194,7,1,0
BRDA:235,8,0,0
BRDA:235,8,1,0
BRDA:243,9,0,0
BRDA:243,9,1,0
BRDA:270,10,0,0
BRDA:270,10,1,0
BRDA:270,11,0,0
BRDA:270,11,1,0
BRDA:277,12,0,0
BRDA:277,12,1,0
BRDA:361,13,0,0
BRDA:361,13,1,0
BRDA:369,14,0,0
BRDA:369,14,1,0
BRDA:395,15,0,0
BRDA:395,15,1,0
BRDA:395,16,0,0
BRDA:395,16,1,0
BRDA:426,17,0,0
BRDA:426,17,1,0
BRDA:426,18,0,0
BRDA:426,18,1,0
BRDA:517,19,0,0
BRDA:517,19,1,0
BRDA:518,20,0,0
BRDA:518,20,1,0
BRF:43
BRH:0
end_of_record
TN:
SF:routes\orders.js
FN:13,(anonymous_0)
FN:50,(anonymous_1)
FN:130,(anonymous_2)
FN:193,(anonymous_3)
FN:234,(anonymous_4)
FN:393,(anonymous_5)
FN:422,(anonymous_6)
FN:478,(anonymous_7)
FN:527,(anonymous_8)
FN:566,(anonymous_9)
FN:597,(anonymous_10)
FN:643,(anonymous_11)
FN:673,(anonymous_12)
FN:822,(anonymous_13)
FNF:14
FNH:0
FNDA:0,(anonymous_0)
FNDA:0,(anonymous_1)
FNDA:0,(anonymous_2)
FNDA:0,(anonymous_3)
FNDA:0,(anonymous_4)
FNDA:0,(anonymous_5)
FNDA:0,(anonymous_6)
FNDA:0,(anonymous_7)
FNDA:0,(anonymous_8)
FNDA:0,(anonymous_9)
FNDA:0,(anonymous_10)
FNDA:0,(anonymous_11)
FNDA:0,(anonymous_12)
FNDA:0,(anonymous_13)
DA:1,2
DA:2,2
DA:3,2
DA:4,2
DA:5,2
DA:6,2
DA:7,2
DA:8,2
DA:13,2
DA:14,0
DA:26,0
DA:29,0
DA:32,0
DA:33,0
DA:36,0
DA:37,0
DA:38,0
DA:41,0
DA:49,0
DA:50,0
DA:56,0
DA:57,0
DA:58,0
DA:59,0
DA:63,0
DA:64,0
DA:73,0
DA:74,0
DA:77,0
DA:78,0
DA:81,0
DA:91,0
DA:94,0
DA:95,0
DA:96,0
DA:98,0
DA:119,0
DA:120,0
DA:130,2
DA:131,0
DA:138,0
DA:141,0
DA:142,0
DA:145,0
DA:146,0
DA:149,0
DA:150,0
DA:153,0
DA:162,0
DA:165,0
DA:166,0
DA:167,0
DA:169,0
DA:182,0
DA:183,0
DA:193,2
DA:194,0
DA:195,0
DA:197,0
DA:203,0
DA:204,0
DA:211,0
DA:212,0
DA:218,0
DA:223,0
DA:224,0
DA:234,2
DA:235,0
DA:244,0
DA:247,0
DA:248,0
DA:254,0
DA:255,0
DA:261,0
DA:262,0
DA:269,0
DA:270,0
DA:272,0
DA:273,0
DA:274,0
DA:275,0
DA:281,0
DA:282,0
DA:289,0
DA:290,0
DA:291,0
DA:292,0
DA:293,0
DA:298,0
DA:300,0
DA:303,0
DA:304,0
DA:311,0
DA:312,0
DA:314,0
DA:328,0
DA:331,0
DA:332,0
DA:333,0
DA:335,0
DA:339,0
DA:340,0
DA:342,0
DA:346,0
DA:369,0
DA:372,0
DA:375,0
DA:380,0
DA:383,0
DA:384,0
DA:387,0
DA:388,0
DA:393,0
DA:401,0
DA:404,0
DA:410,0
DA:411,0
DA:422,2
DA:423,0
DA:424,0
DA:425,0
DA:427,0
DA:428,0
DA:434,0
DA:437,0
DA:438,0
DA:445,0
DA:448,0
DA:449,0
DA:451,0
DA:454,0
DA:456,0
DA:458,0
DA:461,0
DA:467,0
DA:468,0
DA:478,2
DA:479,0
DA:480,0
DA:481,0
DA:483,0
DA:484,0
DA:490,0
DA:493,0
DA:494,0
DA:495,0
DA:497,0
DA:503,0
DA:504,0
DA:510,0
DA:516,0
DA:517,0
DA:527,2
DA:528,0
DA:529,0
DA:530,0
DA:532,0
DA:534,0
DA:535,0
DA:542,0
DA:543,0
DA:550,0
DA:551,0
DA:558,0
DA:559,0
DA:562,0
DA:563,0
DA:564,0
DA:565,0
DA:566,0
DA:567,0
DA:568,0
DA:571,0
DA:573,0
DA:574,0
DA:578,0
DA:580,0
DA:586,0
DA:587,0
DA:597,2
DA:598,0
DA:599,0
DA:600,0
DA:602,0
DA:604,0
DA:605,0
DA:611,0
DA:612,0
DA:618,0
DA:619,0
DA:625,0
DA:626,0
DA:633,0
DA:643,0
DA:644,0
DA:647,0
DA:648,0
DA:649,0
DA:651,0
DA:654,0
DA:656,0
DA:662,0
DA:663,0
DA:673,2
DA:674,0
DA:675,0
DA:678,0
DA:679,0
DA:681,0
DA:683,0
DA:684,0
DA:686,0
DA:687,0
DA:689,0
DA:690,0
DA:692,0
DA:693,0
DA:695,0
DA:706,0
DA:719,0
DA:731,0
DA:753,0
DA:788,0
DA:811,0
DA:812,0
DA:822,2
DA:823,0
DA:824,0
DA:827,0
DA:828,0
DA:830,0
DA:832,0
DA:833,0
DA:835,0
DA:836,0
DA:838,0
DA:839,0
DA:841,0
DA:842,0
DA:844,0
DA:849,0
DA:851,0
DA:857,0
DA:859,0
DA:864,0
DA:866,0
DA:870,0
DA:872,0
DA:879,0
DA:897,0
DA:910,0
DA:911,0
DA:918,2
LF:253
LH:19
BRDA:16,0,0,0
BRDA:17,1,0,0
BRDA:23,2,0,0
BRDA:24,3,0,0
BRDA:32,4,0,0
BRDA:32,4,1,0
BRDA:33,5,0,0
BRDA:33,5,1,0
BRDA:36,6,0,0
BRDA:36,6,1,0
BRDA:37,7,0,0
BRDA:37,7,1,0
BRDA:49,8,0,0
BRDA:49,8,1,0
BRDA:56,9,0,0
BRDA:56,9,1,0
BRDA:56,10,0,0
BRDA:56,10,1,0
BRDA:58,11,0,0
BRDA:58,11,1,0
BRDA:59,12,0,0
BRDA:59,12,1,0
BRDA:63,13,0,0
BRDA:63,13,1,0
BRDA:78,14,0,0
BRDA:78,14,1,0
BRDA:133,15,0,0
BRDA:134,16,0,0
BRDA:136,17,0,0
BRDA:137,18,0,0
BRDA:142,19,0,0
BRDA:142,19,1,0
BRDA:150,20,0,0
BRDA:150,20,1,0
BRDA:203,21,0,0
BRDA:203,21,1,0
BRDA:211,22,0,0
BRDA:211,22,1,0
BRDA:211,23,0,0
BRDA:211,23,1,0
BRDA:242,24,0,0
BRDA:247,25,0,0
BRDA:247,25,1,0
BRDA:247,26,0,0
BRDA:247,26,1,0
BRDA:254,27,0,0
BRDA:254,27,1,0
BRDA:254,28,0,0
BRDA:254,28,1,0
BRDA:261,29,0,0
BRDA:261,29,1,0
BRDA:274,30,0,0
BRDA:274,30,1,0
BRDA:281,31,0,0
BRDA:281,31,1,0
BRDA:290,32,0,0
BRDA:290,32,1,0
BRDA:292,33,0,0
BRDA:292,33,1,0
BRDA:303,34,0,0
BRDA:303,34,1,0
BRDA:311,35,0,0
BRDA:311,35,1,0
BRDA:316,36,0,0
BRDA:316,36,1,0
BRDA:322,37,0,0
BRDA:322,37,1,0
BRDA:331,38,0,0
BRDA:331,38,1,0
BRDA:375,39,0,0
BRDA:375,39,1,0
BRDA:414,40,0,0
BRDA:414,40,1,0
BRDA:427,41,0,0
BRDA:427,41,1,0
BRDA:437,42,0,0
BRDA:437,42,1,0
BRDA:448,43,0,0
BRDA:448,43,1,0
BRDA:449,44,0,0
BRDA:449,44,1,0
BRDA:483,45,0,0
BRDA:483,45,1,0
BRDA:493,46,0,0
BRDA:493,46,1,0
BRDA:494,47,0,0
BRDA:494,47,1,0
BRDA:495,48,0,0
BRDA:495,48,1,0
BRDA:503,49,0,0
BRDA:503,49,1,0
BRDA:534,50,0,0
BRDA:534,50,1,0
BRDA:542,51,0,0
BRDA:542,51,1,0
BRDA:542,52,0,0
BRDA:542,52,1,0
BRDA:550,53,0,0
BRDA:550,53,1,0
BRDA:564,54,0,0
BRDA:564,54,1,0
BRDA:565,55,0,0
BRDA:565,55,1,0
BRDA:565,56,0,0
BRDA:565,56,1,0
BRDA:567,57,0,0
BRDA:567,57,1,0
BRDA:604,58,0,0
BRDA:604,58,1,0
BRDA:611,59,0,0
BRDA:611,59,1,0
BRDA:618,60,0,0
BRDA:618,60,1,0
BRDA:618,61,0,0
BRDA:618,61,1,0
BRDA:625,62,0,0
BRDA:625,62,1,0
BRDA:638,63,0,0
BRDA:638,63,1,0
BRDA:644,64,0,0
BRDA:644,64,1,0
BRDA:647,65,0,0
BRDA:647,65,1,0
BRDA:675,66,0,0
BRDA:681,67,0,0
BRDA:681,67,1,0
BRDA:681,67,2,0
BRDA:681,67,3,0
BRDA:681,67,4,0
BRDA:796,68,0,0
BRDA:796,68,1,0
BRDA:824,69,0,0
BRDA:824,70,0,0
BRDA:830,71,0,0
BRDA:830,71,1,0
BRDA:830,71,2,0
BRDA:830,71,3,0
BRDA:830,71,4,0
BRDA:849,72,0,0
BRDA:849,72,1,0
BRDA:849,72,2,0
BRDA:849,72,3,0
BRF:142
BRH:0
end_of_record
TN:
SF:routes\payments.js
FN:32,(anonymous_0)
FN:61,(anonymous_1)
FN:97,(anonymous_2)
FN:124,(anonymous_3)
FN:146,(anonymous_4)
FN:175,(anonymous_5)
FN:197,(anonymous_6)
FN:227,(anonymous_7)
FN:250,(anonymous_8)
FNF:9
FNH:0
FNDA:0,(anonymous_0)
FNDA:0,(anonymous_1)
FNDA:0,(anonymous_2)
FNDA:0,(anonymous_3)
FNDA:0,(anonymous_4)
FNDA:0,(anonymous_5)
FNDA:0,(anonymous_6)
FNDA:0,(anonymous_7)
FNDA:0,(anonymous_8)
DA:1,0
DA:2,0
DA:3,0
DA:4,0
DA:5,0
DA:6,0
DA:7,0
DA:10,0
DA:19,0
DA:32,0
DA:33,0
DA:34,0
DA:35,0
DA:37,0
DA:38,0
DA:41,0
DA:43,0
DA:49,0
DA:50,0
DA:61,0
DA:62,0
DA:63,0
DA:65,0
DA:66,0
DA:69,0
DA:71,0
DA:72,0
DA:79,0
DA:85,0
DA:86,0
DA:97,0
DA:98,0
DA:99,0
DA:103,0
DA:104,0
DA:106,0
DA:107,0
DA:110,0
DA:111,0
DA:112,0
DA:114,0
DA:115,0
DA:124,0
DA:125,0
DA:126,0
DA:127,0
DA:129,0
DA:134,0
DA:135,0
DA:146,0
DA:147,0
DA:148,0
DA:149,0
DA:151,0
DA:152,0
DA:155,0
DA:157,0
DA:163,0
DA:164,0
DA:175,0
DA:176,0
DA:177,0
DA:178,0
DA:180,0
DA:185,0
DA:186,0
DA:197,0
DA:198,0
DA:199,0
DA:201,0
DA:202,0
DA:205,0
DA:207,0
DA:215,0
DA:216,0
DA:227,0
DA:228,0
DA:229,0
DA:230,0
DA:232,0
DA:237,0
DA:238,0
DA:249,0
DA:250,0
DA:251,0
DA:252,0
DA:253,0
DA:256,0
DA:259,0
DA:261,0
DA:268,0
DA:269,0
DA:276,0
LF:93
LH:0
BRDA:37,0,0,0
BRDA:37,0,1,0
BRDA:51,1,0,0
BRDA:51,1,1,0
BRDA:65,2,0,0
BRDA:65,2,1,0
BRDA:71,3,0,0
BRDA:71,3,1,0
BRDA:81,4,0,0
BRDA:81,4,1,0
BRDA:87,5,0,0
BRDA:87,5,1,0
BRDA:136,6,0,0
BRDA:136,6,1,0
BRDA:151,7,0,0
BRDA:151,7,1,0
BRDA:165,8,0,0
BRDA:165,8,1,0
BRDA:187,9,0,0
BRDA:187,9,1,0
BRDA:201,10,0,0
BRDA:201,10,1,0
BRDA:217,11,0,0
BRDA:217,11,1,0
BRDA:239,12,0,0
BRDA:239,12,1,0
BRDA:249,13,0,0
BRDA:249,13,1,0
BRDA:270,14,0,0
BRDA:270,14,1,0
BRF:30
BRH:0
end_of_record
TN:
SF:routes\products.js
FN:12,(anonymous_0)
FN:115,(anonymous_1)
FN:123,(anonymous_2)
FN:163,(anonymous_3)
FN:193,(anonymous_4)
FN:223,(anonymous_5)
FN:253,(anonymous_6)
FN:314,(anonymous_7)
FN:371,(anonymous_8)
FN:493,(anonymous_9)
FN:499,(anonymous_10)
FN:565,(anonymous_11)
FN:594,(anonymous_12)
FN:640,(anonymous_13)
FN:708,(anonymous_14)
FNF:15
FNH:0
FNDA:0,(anonymous_0)
FNDA:0,(anonymous_1)
FNDA:0,(anonymous_2)
FNDA:0,(anonymous_3)
FNDA:0,(anonymous_4)
FNDA:0,(anonymous_5)
FNDA:0,(anonymous_6)
FNDA:0,(anonymous_7)
FNDA:0,(anonymous_8)
FNDA:0,(anonymous_9)
FNDA:0,(anonymous_10)
FNDA:0,(anonymous_11)
FNDA:0,(anonymous_12)
FNDA:0,(anonymous_13)
FNDA:0,(anonymous_14)
DA:1,2
DA:2,2
DA:3,2
DA:4,2
DA:5,2
DA:6,2
DA:7,2
DA:12,2
DA:13,0
DA:30,0
DA:33,0
DA:36,0
DA:37,0
DA:38,0
DA:41,0
DA:47,0
DA:52,0
DA:53,0
DA:57,0
DA:58,0
DA:62,0
DA:63,0
DA:64,0
DA:65,0
DA:69,0
DA:70,0
DA:71,0
DA:74,0
DA:75,0
DA:82,0
DA:83,0
DA:87,0
DA:88,0
DA:91,0
DA:92,0
DA:93,0
DA:95,0
DA:98,0
DA:107,0
DA:110,0
DA:111,0
DA:112,0
DA:115,0
DA:123,0
DA:127,0
DA:151,0
DA:152,0
DA:163,2
DA:164,0
DA:165,0
DA:167,0
DA:177,0
DA:182,0
DA:183,0
DA:193,2
DA:194,0
DA:195,0
DA:197,0
DA:207,0
DA:212,0
DA:213,0
DA:223,2
DA:224,0
DA:225,0
DA:227,0
DA:237,0
DA:242,0
DA:243,0
DA:253,2
DA:254,0
DA:255,0
DA:257,0
DA:258,0
DA:265,0
DA:276,0
DA:296,0
DA:303,0
DA:304,0
DA:314,2
DA:315,0
DA:316,0
DA:320,0
DA:321,0
DA:323,0
DA:326,0
DA:331,0
DA:332,0
DA:339,0
DA:342,0
DA:343,0
DA:352,0
DA:355,0
DA:360,0
DA:361,0
DA:371,2
DA:372,0
DA:395,0
DA:398,0
DA:399,0
DA:406,0
DA:407,0
DA:408,0
DA:415,0
DA:416,0
DA:417,0
DA:424,0
DA:425,0
DA:426,0
DA:427,0
DA:428,0
DA:429,0
DA:430,0
DA:437,0
DA:443,0
DA:470,0
DA:473,0
DA:475,0
DA:481,0
DA:482,0
DA:493,2
DA:494,0
DA:495,0
DA:496,0
DA:499,0
DA:500,0
DA:501,0
DA:502,0
DA:504,0
DA:510,0
DA:511,0
DA:512,0
DA:513,0
DA:514,0
DA:515,0
DA:516,0
DA:523,0
DA:527,0
DA:528,0
DA:532,0
DA:534,0
DA:540,0
DA:541,0
DA:547,0
DA:553,0
DA:554,0
DA:565,2
DA:566,0
DA:567,0
DA:569,0
DA:571,0
DA:572,0
DA:578,0
DA:583,0
DA:584,0
DA:594,2
DA:595,0
DA:596,0
DA:597,0
DA:599,0
DA:600,0
DA:606,0
DA:616,0
DA:617,0
DA:623,0
DA:629,0
DA:630,0
DA:640,2
DA:641,0
DA:642,0
DA:643,0
DA:645,0
DA:646,0
DA:647,0
DA:653,0
DA:655,0
DA:656,0
DA:657,0
DA:663,0
DA:665,0
DA:666,0
DA:668,0
DA:669,0
DA:671,0
DA:672,0
DA:676,0
DA:678,0
DA:679,0
DA:681,0
DA:682,0
DA:684,0
DA:685,0
DA:689,0
DA:691,0
DA:697,0
DA:698,0
DA:708,2
DA:709,0
DA:716,0
DA:735,0
DA:741,0
DA:755,0
DA:756,0
DA:763,2
LF:203
LH:20
BRDA:15,0,0,0
BRDA:16,1,0,0
BRDA:22,2,0,0
BRDA:23,3,0,0
BRDA:28,4,0,0
BRDA:29,5,0,0
BRDA:36,6,0,0
BRDA:36,6,1,0
BRDA:37,7,0,0
BRDA:37,7,1,0
BRDA:47,8,0,0
BRDA:47,8,1,0
BRDA:52,9,0,0
BRDA:52,9,1,0
BRDA:52,10,0,0
BRDA:52,10,1,0
BRDA:57,11,0,0
BRDA:57,11,1,0
BRDA:62,12,0,0
BRDA:62,12,1,0
BRDA:62,13,0,0
BRDA:62,13,1,0
BRDA:64,14,0,0
BRDA:64,14,1,0
BRDA:65,15,0,0
BRDA:65,15,1,0
BRDA:69,16,0,0
BRDA:69,16,1,0
BRDA:70,17,0,0
BRDA:70,17,1,0
BRDA:71,18,0,0
BRDA:71,18,1,0
BRDA:74,19,0,0
BRDA:74,19,1,0
BRDA:82,20,0,0
BRDA:82,20,1,0
BRDA:92,21,0,0
BRDA:92,21,1,0
BRDA:95,22,0,0
BRDA:95,22,1,0
BRDA:117,23,0,0
BRDA:117,23,1,0
BRDA:118,24,0,0
BRDA:118,24,1,0
BRDA:121,25,0,0
BRDA:121,25,1,0
BRDA:121,25,2,0
BRDA:121,25,3,0
BRDA:155,26,0,0
BRDA:155,26,1,0
BRDA:165,27,0,0
BRDA:195,28,0,0
BRDA:225,29,0,0
BRDA:255,30,0,0
BRDA:257,31,0,0
BRDA:257,31,1,0
BRDA:257,32,0,0
BRDA:257,32,1,0
BRDA:299,33,0,0
BRDA:299,33,1,0
BRDA:320,34,0,0
BRDA:320,34,1,0
BRDA:331,35,0,0
BRDA:331,35,1,0
BRDA:342,36,0,0
BRDA:342,36,1,0
BRDA:342,37,0,0
BRDA:342,37,1,0
BRDA:398,38,0,0
BRDA:398,38,1,0
BRDA:398,39,0,0
BRDA:398,39,1,0
BRDA:398,39,2,0
BRDA:398,39,3,0
BRDA:398,39,4,0
BRDA:398,39,5,0
BRDA:398,39,6,0
BRDA:407,40,0,0
BRDA:407,40,1,0
BRDA:416,41,0,0
BRDA:416,41,1,0
BRDA:425,42,0,0
BRDA:425,42,1,0
BRDA:425,43,0,0
BRDA:425,43,1,0
BRDA:448,44,0,0
BRDA:448,44,1,0
BRDA:449,45,0,0
BRDA:449,45,1,0
BRDA:456,46,0,0
BRDA:456,46,1,0
BRDA:458,47,0,0
BRDA:458,47,1,0
BRDA:459,48,0,0
BRDA:459,48,1,0
BRDA:460,49,0,0
BRDA:460,49,1,0
BRDA:461,50,0,0
BRDA:461,50,1,0
BRDA:462,51,0,0
BRDA:462,51,1,0
BRDA:464,52,0,0
BRDA:464,52,1,0
BRDA:485,53,0,0
BRDA:485,53,1,0
BRDA:500,54,0,0
BRDA:500,54,1,0
BRDA:500,55,0,0
BRDA:500,55,1,0
BRDA:510,56,0,0
BRDA:510,56,1,0
BRDA:510,57,0,0
BRDA:510,57,1,0
BRDA:518,58,0,0
BRDA:518,58,1,0
BRDA:527,59,0,0
BRDA:527,59,1,0
BRDA:540,60,0,0
BRDA:540,60,1,0
BRDA:557,61,0,0
BRDA:557,61,1,0
BRDA:571,62,0,0
BRDA:571,62,1,0
BRDA:599,63,0,0
BRDA:599,63,1,0
BRDA:610,64,0,0
BRDA:610,64,1,0
BRDA:616,65,0,0
BRDA:616,65,1,0
BRDA:643,66,0,0
BRDA:646,67,0,0
BRDA:646,67,1,0
BRDA:653,68,0,0
BRDA:653,68,1,0
BRDA:656,69,0,0
BRDA:656,69,1,0
BRDA:663,70,0,0
BRDA:663,70,1,0
BRDA:663,70,2,0
BRDA:676,71,0,0
BRDA:676,71,1,0
BRDA:676,71,2,0
BRF:142
BRH:0
end_of_record
TN:
SF:routes\support.js
FN:8,(anonymous_0)
FN:68,(anonymous_1)
FN:115,(anonymous_2)
FN:181,(anonymous_3)
FN:220,(anonymous_4)
FN:263,(anonymous_5)
FN:298,(anonymous_6)
FN:342,(anonymous_7)
FN:377,(anonymous_8)
FN:419,(anonymous_9)
FN:439,(anonymous_10)
FN:470,(anonymous_11)
FN:490,(anonymous_12)
FN:510,(anonymous_13)
FN:570,(anonymous_14)
FN:608,(anonymous_15)
FN:623,(anonymous_16)
FN:623,(anonymous_17)
FNF:18
FNH:0
FNDA:0,(anonymous_0)
FNDA:0,(anonymous_1)
FNDA:0,(anonymous_2)
FNDA:0,(anonymous_3)
FNDA:0,(anonymous_4)
FNDA:0,(anonymous_5)
FNDA:0,(anonymous_6)
FNDA:0,(anonymous_7)
FNDA:0,(anonymous_8)
FNDA:0,(anonymous_9)
FNDA:0,(anonymous_10)
FNDA:0,(anonymous_11)
FNDA:0,(anonymous_12)
FNDA:0,(anonymous_13)
FNDA:0,(anonymous_14)
FNDA:0,(anonymous_15)
FNDA:0,(anonymous_16)
FNDA:0,(anonymous_17)
DA:1,0
DA:2,0
DA:3,0
DA:4,0
DA:5,0
DA:8,0
DA:9,0
DA:21,0
DA:23,0
DA:24,0
DA:25,0
DA:26,0
DA:27,0
DA:28,0
DA:29,0
DA:30,0
DA:33,0
DA:34,0
DA:36,0
DA:45,0
DA:47,0
DA:58,0
DA:59,0
DA:68,0
DA:69,0
DA:76,0
DA:78,0
DA:79,0
DA:81,0
DA:82,0
DA:84,0
DA:92,0
DA:94,0
DA:105,0
DA:106,0
DA:115,0
DA:116,0
DA:126,0
DA:128,0
DA:149,0
DA:150,0
DA:153,0
DA:161,0
DA:171,0
DA:172,0
DA:181,0
DA:182,0
DA:183,0
DA:190,0
DA:191,0
DA:198,0
DA:199,0
DA:205,0
DA:210,0
DA:211,0
DA:220,0
DA:221,0
DA:222,0
DA:223,0
DA:225,0
DA:226,0
DA:227,0
DA:233,0
DA:236,0
DA:243,0
DA:253,0
DA:254,0
DA:263,0
DA:264,0
DA:265,0
DA:266,0
DA:268,0
DA:269,0
DA:270,0
DA:276,0
DA:278,0
DA:288,0
DA:289,0
DA:298,0
DA:299,0
DA:300,0
DA:301,0
DA:303,0
DA:304,0
DA:305,0
DA:312,0
DA:313,0
DA:319,0
DA:320,0
DA:322,0
DA:332,0
DA:333,0
DA:342,0
DA:343,0
DA:344,0
DA:345,0
DA:347,0
DA:348,0
DA:349,0
DA:355,0
DA:357,0
DA:367,0
DA:368,0
DA:377,0
DA:378,0
DA:379,0
DA:381,0
DA:382,0
DA:383,0
DA:390,0
DA:391,0
DA:397,0
DA:399,0
DA:409,0
DA:410,0
DA:419,0
DA:420,0
DA:421,0
DA:423,0
DA:429,0
DA:430,0
DA:439,0
DA:440,0
DA:441,0
DA:443,0
DA:444,0
DA:450,0
DA:455,0
DA:460,0
DA:461,0
DA:470,0
DA:471,0
DA:472,0
DA:474,0
DA:480,0
DA:481,0
DA:490,0
DA:491,0
DA:492,0
DA:494,0
DA:500,0
DA:501,0
DA:510,0
DA:511,0
DA:520,0
DA:523,0
DA:524,0
DA:531,0
DA:549,0
DA:550,0
DA:552,0
DA:560,0
DA:561,0
DA:570,0
DA:571,0
DA:572,0
DA:578,0
DA:579,0
DA:580,0
DA:581,0
DA:587,0
DA:594,0
DA:608,0
DA:622,0
DA:623,0
DA:627,0
DA:628,0
DA:630,0
DA:632,0
DA:633,0
DA:641,0
LF:171
LH:0
BRDA:16,0,0,0
BRDA:17,1,0,0
BRDA:18,2,0,0
BRDA:19,3,0,0
BRDA:24,4,0,0
BRDA:24,4,1,0
BRDA:25,5,0,0
BRDA:25,5,1,0
BRDA:26,6,0,0
BRDA:26,6,1,0
BRDA:27,7,0,0
BRDA:27,7,1,0
BRDA:28,8,0,0
BRDA:28,8,1,0
BRDA:29,9,0,0
BRDA:29,9,1,0
BRDA:34,10,0,0
BRDA:34,10,1,0
BRDA:72,11,0,0
BRDA:73,12,0,0
BRDA:74,13,0,0
BRDA:75,14,0,0
BRDA:79,15,0,0
BRDA:79,15,1,0
BRDA:82,16,0,0
BRDA:82,16,1,0
BRDA:190,17,0,0
BRDA:190,17,1,0
BRDA:198,18,0,0
BRDA:198,18,1,0
BRDA:198,19,0,0
BRDA:198,19,1,0
BRDA:226,20,0,0
BRDA:226,20,1,0
BRDA:269,21,0,0
BRDA:269,21,1,0
BRDA:300,22,0,0
BRDA:300,23,0,0
BRDA:304,24,0,0
BRDA:304,24,1,0
BRDA:312,25,0,0
BRDA:312,25,1,0
BRDA:312,26,0,0
BRDA:312,26,1,0
BRDA:319,27,0,0
BRDA:319,27,1,0
BRDA:348,28,0,0
BRDA:348,28,1,0
BRDA:382,29,0,0
BRDA:382,29,1,0
BRDA:390,30,0,0
BRDA:390,30,1,0
BRDA:443,31,0,0
BRDA:443,31,1,0
BRDA:443,32,0,0
BRDA:443,32,1,0
BRDA:519,33,0,0
BRDA:523,34,0,0
BRDA:523,34,1,0
BRDA:523,35,0,0
BRDA:523,35,1,0
BRDA:523,35,2,0
BRDA:523,35,3,0
BRDA:523,35,4,0
BRDA:579,36,0,0
BRDA:579,36,1,0
BRDA:580,37,0,0
BRDA:580,37,1,0
BRDA:580,38,0,0
BRDA:580,38,1,0
BRDA:617,39,0,0
BRDA:617,39,1,0
BRDA:619,40,0,0
BRDA:619,40,1,0
BRF:74
BRH:0
end_of_record
TN:
SF:routes\upload.js
FN:18,(anonymous_0)
FN:23,(anonymous_1)
FN:32,(anonymous_2)
FN:43,(anonymous_3)
FN:58,(anonymous_4)
FN:65,(anonymous_5)
FN:74,(anonymous_6)
FN:101,(anonymous_7)
FN:125,(anonymous_8)
FN:189,(anonymous_9)
FN:223,(anonymous_10)
FN:270,(anonymous_11)
FN:283,(anonymous_12)
FN:287,(anonymous_13)
FN:325,(anonymous_14)
FN:326,(anonymous_15)
FN:327,(anonymous_16)
FN:328,(anonymous_17)
FN:372,(anonymous_18)
FN:384,(anonymous_19)
FN:388,(anonymous_20)
FN:474,(anonymous_21)
FN:501,(anonymous_22)
FN:510,(anonymous_23)
FN:525,(anonymous_24)
FN:550,(anonymous_25)
FN:606,(anonymous_26)
FN:638,(anonymous_27)
FNF:28
FNH:0
FNDA:0,(anonymous_0)
FNDA:0,(anonymous_1)
FNDA:0,(anonymous_2)
FNDA:0,(anonymous_3)
FNDA:0,(anonymous_4)
FNDA:0,(anonymous_5)
FNDA:0,(anonymous_6)
FNDA:0,(anonymous_7)
FNDA:0,(anonymous_8)
FNDA:0,(anonymous_9)
FNDA:0,(anonymous_10)
FNDA:0,(anonymous_11)
FNDA:0,(anonymous_12)
FNDA:0,(anonymous_13)
FNDA:0,(anonymous_14)
FNDA:0,(anonymous_15)
FNDA:0,(anonymous_16)
FNDA:0,(anonymous_17)
FNDA:0,(anonymous_18)
FNDA:0,(anonymous_19)
FNDA:0,(anonymous_20)
FNDA:0,(anonymous_21)
FNDA:0,(anonymous_22)
FNDA:0,(anonymous_23)
FNDA:0,(anonymous_24)
FNDA:0,(anonymous_25)
FNDA:0,(anonymous_26)
FNDA:0,(anonymous_27)
DA:1,2
DA:2,2
DA:3,2
DA:4,2
DA:5,2
DA:6,2
DA:7,2
DA:8,2
DA:9,2
DA:10,2
DA:11,2
DA:14,2
DA:15,2
DA:17,2
DA:18,2
DA:19,2
DA:23,0
DA:24,0
DA:32,0
DA:33,0
DA:34,0
DA:39,0
DA:42,0
DA:44,0
DA:46,0
DA:47,0
DA:48,0
DA:49,0
DA:50,0
DA:51,0
DA:52,0
DA:53,0
DA:56,0
DA:59,0
DA:60,0
DA:65,0
DA:66,0
DA:67,0
DA:69,0
DA:74,0
DA:75,0
DA:76,0
DA:77,0
DA:79,0
DA:84,0
DA:92,0
DA:101,0
DA:102,0
DA:104,0
DA:105,0
DA:114,0
DA:116,0
DA:118,0
DA:125,0
DA:126,0
DA:127,0
DA:128,0
DA:131,0
DA:133,0
DA:134,0
DA:135,0
DA:136,0
DA:139,0
DA:145,0
DA:147,0
DA:148,0
DA:149,0
DA:151,0
DA:159,0
DA:168,0
DA:170,0
DA:176,0
DA:181,0
DA:182,0
DA:189,0
DA:190,0
DA:191,0
DA:192,0
DA:195,0
DA:196,0
DA:197,0
DA:200,0
DA:202,0
DA:210,0
DA:215,0
DA:216,0
DA:223,0
DA:224,0
DA:225,0
DA:226,0
DA:229,0
DA:230,0
DA:231,0
DA:234,0
DA:243,0
DA:246,0
DA:250,0
DA:257,0
DA:262,0
DA:263,0
DA:270,0
DA:271,0
DA:272,0
DA:273,0
DA:276,0
DA:277,0
DA:278,0
DA:281,0
DA:284,0
DA:285,0
DA:288,0
DA:289,0
DA:290,0
DA:292,0
DA:293,0
DA:295,0
DA:296,0
DA:300,0
DA:301,0
DA:305,0
DA:306,0
DA:307,0
DA:311,0
DA:315,0
DA:325,0
DA:326,0
DA:327,0
DA:328,0
DA:335,0
DA:336,0
DA:338,0
DA:342,0
DA:347,0
DA:349,0
DA:359,0
DA:360,0
DA:364,0
DA:365,0
DA:372,0
DA:373,0
DA:374,0
DA:375,0
DA:378,0
DA:379,0
DA:380,0
DA:382,0
DA:385,0
DA:386,0
DA:389,0
DA:390,0
DA:391,0
DA:393,0
DA:394,0
DA:395,0
DA:396,0
DA:400,0
DA:401,0
DA:405,0
DA:406,0
DA:407,0
DA:411,0
DA:412,0
DA:416,0
DA:417,0
DA:418,0
DA:419,0
DA:420,0
DA:424,0
DA:425,0
DA:429,0
DA:438,0
DA:439,0
DA:441,0
DA:445,0
DA:449,0
DA:451,0
DA:461,0
DA:462,0
DA:466,0
DA:467,0
DA:474,0
DA:475,0
DA:476,0
DA:477,0
DA:479,0
DA:480,0
DA:483,0
DA:485,0
DA:486,0
DA:489,0
DA:491,0
DA:493,0
DA:494,0
DA:501,0
DA:502,0
DA:503,0
DA:504,0
DA:506,0
DA:507,0
DA:510,0
DA:511,0
DA:512,0
DA:514,0
DA:525,0
DA:528,0
DA:529,0
DA:530,0
DA:532,0
DA:542,0
DA:543,0
DA:550,0
DA:551,0
DA:552,0
DA:572,0
DA:592,0
DA:594,0
DA:595,0
DA:596,0
DA:598,0
DA:599,0
DA:606,0
DA:607,0
DA:608,0
DA:617,0
DA:626,0
DA:628,0
DA:629,0
DA:630,0
DA:632,0
DA:633,0
DA:638,0
DA:639,0
DA:640,0
DA:641,0
DA:643,0
DA:644,0
DA:646,0
DA:647,0
DA:651,0
DA:652,0
DA:655,0
DA:658,0
LF:242
LH:16
BRDA:14,0,0,2
BRDA:14,0,1,0
BRDA:14,1,0,2
BRDA:14,1,1,2
BRDA:14,1,2,2
BRDA:33,2,0,0
BRDA:33,2,1,0
BRDA:46,3,0,0
BRDA:46,3,1,0
BRDA:48,4,0,0
BRDA:48,4,1,0
BRDA:50,5,0,0
BRDA:50,5,1,0
BRDA:50,6,0,0
BRDA:50,6,1,0
BRDA:52,7,0,0
BRDA:52,7,1,0
BRDA:66,8,0,0
BRDA:66,8,1,0
BRDA:76,9,0,0
BRDA:76,9,1,0
BRDA:101,10,0,0
BRDA:102,11,0,0
BRDA:102,12,0,0
BRDA:102,13,0,0
BRDA:127,14,0,0
BRDA:127,14,1,0
BRDA:127,15,0,0
BRDA:127,15,1,0
BRDA:191,16,0,0
BRDA:191,16,1,0
BRDA:225,17,0,0
BRDA:225,17,1,0
BRDA:272,18,0,0
BRDA:272,18,1,0
BRDA:295,19,0,0
BRDA:295,19,1,0
BRDA:295,20,0,0
BRDA:295,20,1,0
BRDA:295,20,2,0
BRDA:306,21,0,0
BRDA:306,21,1,0
BRDA:317,22,0,0
BRDA:317,22,1,0
BRDA:320,23,0,0
BRDA:320,23,1,0
BRDA:321,24,0,0
BRDA:321,24,1,0
BRDA:322,25,0,0
BRDA:322,25,1,0
BRDA:323,26,0,0
BRDA:323,26,1,0
BRDA:324,27,0,0
BRDA:324,27,1,0
BRDA:325,28,0,0
BRDA:325,28,1,0
BRDA:326,29,0,0
BRDA:326,29,1,0
BRDA:327,30,0,0
BRDA:327,30,1,0
BRDA:328,31,0,0
BRDA:328,31,1,0
BRDA:329,32,0,0
BRDA:329,32,1,0
BRDA:330,33,0,0
BRDA:330,33,1,0
BRDA:331,34,0,0
BRDA:331,34,1,0
BRDA:332,35,0,0
BRDA:332,35,1,0
BRDA:374,36,0,0
BRDA:374,36,1,0
BRDA:395,37,0,0
BRDA:395,37,1,0
BRDA:406,38,0,0
BRDA:406,38,1,0
BRDA:417,39,0,0
BRDA:417,39,1,0
BRDA:419,40,0,0
BRDA:419,40,1,0
BRDA:431,41,0,0
BRDA:431,41,1,0
BRDA:432,42,0,0
BRDA:432,42,1,0
BRDA:433,43,0,0
BRDA:433,43,1,0
BRDA:434,44,0,0
BRDA:434,44,1,0
BRDA:435,45,0,0
BRDA:435,45,1,0
BRDA:479,46,0,0
BRDA:479,46,1,0
BRDA:485,47,0,0
BRDA:485,47,1,0
BRDA:503,48,0,0
BRDA:503,49,0,0
BRDA:503,50,0,0
BRDA:506,51,0,0
BRDA:506,51,1,0
BRDA:639,52,0,0
BRDA:639,52,1,0
BRDA:640,53,0,0
BRDA:640,53,1,0
BRDA:643,54,0,0
BRDA:643,54,1,0
BRDA:646,55,0,0
BRDA:646,55,1,0
BRDA:651,56,0,0
BRDA:651,56,1,0
BRF:109
BRH:4
end_of_record
TN:
SF:routes\users.js
FN:14,(anonymous_0)
FN:32,(anonymous_1)
FN:85,(anonymous_2)
FN:113,(anonymous_3)
FN:152,(anonymous_4)
FN:191,(anonymous_5)
FN:211,(anonymous_6)
FN:228,(anonymous_7)
FN:235,(anonymous_8)
FN:255,(anonymous_9)
FN:283,(anonymous_10)
FN:300,(anonymous_11)
FN:317,(anonymous_12)
FN:345,(anonymous_13)
FN:368,(anonymous_14)
FN:397,(anonymous_15)
FN:440,(anonymous_16)
FN:457,(anonymous_17)
FN:505,(anonymous_18)
FN:550,(anonymous_19)
FN:583,(anonymous_20)
FN:610,(anonymous_21)
FN:641,(anonymous_22)
FNF:23
FNH:0
FNDA:0,(anonymous_0)
FNDA:0,(anonymous_1)
FNDA:0,(anonymous_2)
FNDA:0,(anonymous_3)
FNDA:0,(anonymous_4)
FNDA:0,(anonymous_5)
FNDA:0,(anonymous_6)
FNDA:0,(anonymous_7)
FNDA:0,(anonymous_8)
FNDA:0,(anonymous_9)
FNDA:0,(anonymous_10)
FNDA:0,(anonymous_11)
FNDA:0,(anonymous_12)
FNDA:0,(anonymous_13)
FNDA:0,(anonymous_14)
FNDA:0,(anonymous_15)
FNDA:0,(anonymous_16)
FNDA:0,(anonymous_17)
FNDA:0,(anonymous_18)
FNDA:0,(anonymous_19)
FNDA:0,(anonymous_20)
FNDA:0,(anonymous_21)
FNDA:0,(anonymous_22)
DA:1,2
DA:2,2
DA:3,2
DA:4,2
DA:5,2
DA:6,2
DA:7,2
DA:8,2
DA:9,2
DA:14,2
DA:15,0
DA:16,0
DA:18,0
DA:19,0
DA:22,0
DA:24,0
DA:25,0
DA:32,2
DA:33,0
DA:34,0
DA:36,0
DA:37,0
DA:38,0
DA:42,0
DA:43,0
DA:44,0
DA:45,0
DA:50,0
DA:51,0
DA:52,0
DA:53,0
DA:54,0
DA:55,0
DA:57,0
DA:58,0
DA:60,0
DA:77,0
DA:78,0
DA:85,2
DA:86,0
DA:87,0
DA:88,0
DA:89,0
DA:92,0
DA:93,0
DA:96,0
DA:97,0
DA:98,0
DA:100,0
DA:105,0
DA:106,0
DA:113,2
DA:114,0
DA:115,0
DA:117,0
DA:118,0
DA:121,0
DA:122,0
DA:125,0
DA:126,0
DA:127,0
DA:131,0
DA:132,0
DA:133,0
DA:137,0
DA:138,0
DA:139,0
DA:140,0
DA:142,0
DA:144,0
DA:145,0
DA:152,2
DA:153,0
DA:167,0
DA:169,0
DA:170,0
DA:171,0
DA:174,0
DA:190,0
DA:191,0
DA:194,0
DA:195,0
DA:196,0
DA:198,0
DA:203,0
DA:204,0
DA:211,2
DA:212,0
DA:213,0
DA:214,0
DA:216,0
DA:217,0
DA:218,0
DA:221,0
DA:222,0
DA:223,0
DA:227,0
DA:228,0
DA:229,0
DA:230,0
DA:235,0
DA:236,0
DA:239,0
DA:240,0
DA:242,0
DA:247,0
DA:248,0
DA:255,2
DA:256,0
DA:257,0
DA:259,0
DA:260,0
DA:261,0
DA:264,0
DA:265,0
DA:266,0
DA:269,0
DA:270,0
DA:271,0
DA:273,0
DA:275,0
DA:276,0
DA:283,2
DA:284,0
DA:285,0
DA:286,0
DA:287,0
DA:290,0
DA:292,0
DA:293,0
DA:300,2
DA:301,0
DA:302,0
DA:303,0
DA:304,0
DA:307,0
DA:309,0
DA:310,0
DA:317,2
DA:318,0
DA:319,0
DA:321,0
DA:322,0
DA:323,0
DA:327,0
DA:328,0
DA:331,0
DA:332,0
DA:333,0
DA:335,0
DA:337,0
DA:338,0
DA:345,2
DA:346,0
DA:347,0
DA:349,0
DA:350,0
DA:351,0
DA:354,0
DA:355,0
DA:356,0
DA:358,0
DA:360,0
DA:361,0
DA:368,2
DA:369,0
DA:370,0
DA:371,0
DA:372,0
DA:374,0
DA:380,0
DA:382,0
DA:389,0
DA:390,0
DA:397,2
DA:398,0
DA:406,0
DA:408,0
DA:409,0
DA:410,0
DA:413,0
DA:414,0
DA:417,0
DA:418,0
DA:419,0
DA:420,0
DA:421,0
DA:422,0
DA:424,0
DA:425,0
DA:427,0
DA:432,0
DA:433,0
DA:440,2
DA:441,0
DA:442,0
DA:443,0
DA:444,0
DA:447,0
DA:449,0
DA:450,0
DA:457,2
DA:458,0
DA:459,0
DA:461,0
DA:462,0
DA:465,0
DA:466,0
DA:467,0
DA:471,0
DA:472,0
DA:473,0
DA:477,0
DA:482,0
DA:483,0
DA:489,0
DA:490,0
DA:491,0
DA:492,0
DA:494,0
DA:496,0
DA:497,0
DA:505,2
DA:506,0
DA:507,0
DA:508,0
DA:509,0
DA:510,0
DA:511,0
DA:512,0
DA:515,0
DA:516,0
DA:517,0
DA:523,0
DA:524,0
DA:525,0
DA:527,0
DA:533,0
DA:535,0
DA:542,0
DA:543,0
DA:550,2
DA:551,0
DA:552,0
DA:553,0
DA:554,0
DA:558,0
DA:570,0
DA:575,0
DA:576,0
DA:583,2
DA:584,0
DA:585,0
DA:586,0
DA:588,0
DA:589,0
DA:590,0
DA:593,0
DA:594,0
DA:595,0
DA:597,0
DA:602,0
DA:603,0
DA:610,2
DA:611,0
DA:612,0
DA:613,0
DA:615,0
DA:616,0
DA:619,0
DA:620,0
DA:621,0
DA:624,0
DA:625,0
DA:626,0
DA:628,0
DA:633,0
DA:634,0
DA:641,2
DA:642,0
DA:643,0
DA:644,0
DA:645,0
DA:646,0
DA:649,0
DA:650,0
DA:651,0
DA:653,0
DA:658,0
DA:676,0
DA:685,0
DA:686,0
DA:690,2
LF:293
LH:30
BRDA:18,0,0,0
BRDA:18,0,1,0
BRDA:37,1,0,0
BRDA:37,1,1,0
BRDA:42,2,0,0
BRDA:42,2,1,0
BRDA:42,3,0,0
BRDA:42,3,1,0
BRDA:44,4,0,0
BRDA:44,4,1,0
BRDA:50,5,0,0
BRDA:50,5,1,0
BRDA:51,6,0,0
BRDA:51,6,1,0
BRDA:52,7,0,0
BRDA:52,7,1,0
BRDA:53,8,0,0
BRDA:53,8,1,0
BRDA:54,9,0,0
BRDA:54,9,1,0
BRDA:55,10,0,0
BRDA:55,10,1,0
BRDA:88,11,0,0
BRDA:88,11,1,0
BRDA:92,12,0,0
BRDA:92,12,1,0
BRDA:117,13,0,0
BRDA:117,13,1,0
BRDA:117,14,0,0
BRDA:117,14,1,0
BRDA:121,15,0,0
BRDA:121,15,1,0
BRDA:126,16,0,0
BRDA:126,16,1,0
BRDA:132,17,0,0
BRDA:132,17,1,0
BRDA:170,18,0,0
BRDA:170,18,1,0
BRDA:190,19,0,0
BRDA:190,19,1,0
BRDA:217,20,0,0
BRDA:217,20,1,0
BRDA:222,21,0,0
BRDA:222,21,1,0
BRDA:227,22,0,0
BRDA:227,22,1,0
BRDA:229,23,0,0
BRDA:229,23,1,0
BRDA:260,24,0,0
BRDA:260,24,1,0
BRDA:265,25,0,0
BRDA:265,25,1,0
BRDA:286,26,0,0
BRDA:286,26,1,0
BRDA:303,27,0,0
BRDA:303,27,1,0
BRDA:322,28,0,0
BRDA:322,28,1,0
BRDA:327,29,0,0
BRDA:327,29,1,0
BRDA:350,30,0,0
BRDA:350,30,1,0
BRDA:370,31,0,0
BRDA:370,31,1,0
BRDA:371,32,0,0
BRDA:371,32,1,0
BRDA:409,33,0,0
BRDA:409,33,1,0
BRDA:413,34,0,0
BRDA:413,34,1,0
BRDA:417,35,0,0
BRDA:417,35,1,0
BRDA:418,36,0,0
BRDA:418,36,1,0
BRDA:419,37,0,0
BRDA:419,37,1,0
BRDA:420,38,0,0
BRDA:420,38,1,0
BRDA:421,39,0,0
BRDA:421,39,1,0
BRDA:422,40,0,0
BRDA:422,40,1,0
BRDA:443,41,0,0
BRDA:443,41,1,0
BRDA:447,42,0,0
BRDA:447,42,1,0
BRDA:461,43,0,0
BRDA:461,43,1,0
BRDA:466,44,0,0
BRDA:466,44,1,0
BRDA:472,45,0,0
BRDA:472,45,1,0
BRDA:482,46,0,0
BRDA:482,46,1,0
BRDA:507,47,0,0
BRDA:507,47,1,0
BRDA:508,48,0,0
BRDA:508,48,1,0
BRDA:510,49,0,0
BRDA:510,49,1,0
BRDA:511,50,0,0
BRDA:511,50,1,0
BRDA:512,51,0,0
BRDA:512,51,1,0
BRDA:516,52,0,0
BRDA:516,52,1,0
BRDA:523,53,0,0
BRDA:523,53,1,0
BRDA:524,54,0,0
BRDA:524,54,1,0
BRDA:525,55,0,0
BRDA:525,55,1,0
BRDA:553,56,0,0
BRDA:553,56,1,0
BRDA:572,57,0,0
BRDA:572,57,1,0
BRDA:589,58,0,0
BRDA:589,58,1,0
BRDA:598,59,0,0
BRDA:598,59,1,0
BRDA:615,60,0,0
BRDA:615,60,1,0
BRDA:620,61,0,0
BRDA:620,61,1,0
BRF:124
BRH:0
end_of_record
TN:
SF:services\emailService.js
FN:6,(anonymous_0)
FN:18,(anonymous_1)
FN:65,(anonymous_2)
FN:106,(anonymous_3)
FN:134,(anonymous_4)
FN:162,(anonymous_5)
FN:203,(anonymous_6)
FN:247,(anonymous_7)
FN:268,(anonymous_8)
FN:290,(anonymous_9)
FN:311,(anonymous_10)
FN:318,(anonymous_11)
FN:339,(anonymous_12)
FN:360,(anonymous_13)
FN:382,(anonymous_14)
FNF:15
FNH:0
FNDA:0,(anonymous_0)
FNDA:0,(anonymous_1)
FNDA:0,(anonymous_2)
FNDA:0,(anonymous_3)
FNDA:0,(anonymous_4)
FNDA:0,(anonymous_5)
FNDA:0,(anonymous_6)
FNDA:0,(anonymous_7)
FNDA:0,(anonymous_8)
FNDA:0,(anonymous_9)
FNDA:0,(anonymous_10)
FNDA:0,(anonymous_11)
FNDA:0,(anonymous_12)
FNDA:0,(anonymous_13)
FNDA:0,(anonymous_14)
DA:1,0
DA:2,0
DA:3,0
DA:6,0
DA:7,0
DA:17,0
DA:18,0
DA:65,0
DA:106,0
DA:134,0
DA:162,0
DA:203,0
DA:245,0
DA:248,0
DA:249,0
DA:250,0
DA:252,0
DA:259,0
DA:260,0
DA:262,0
DA:263,0
DA:269,0
DA:270,0
DA:271,0
DA:272,0
DA:274,0
DA:281,0
DA:282,0
DA:284,0
DA:285,0
DA:291,0
DA:292,0
DA:293,0
DA:295,0
DA:302,0
DA:303,0
DA:305,0
DA:306,0
DA:312,0
DA:313,0
DA:314,0
DA:317,0
DA:318,0
DA:320,0
DA:321,0
DA:328,0
DA:331,0
DA:333,0
DA:334,0
DA:340,0
DA:341,0
DA:342,0
DA:344,0
DA:351,0
DA:352,0
DA:354,0
DA:355,0
DA:361,0
DA:362,0
DA:363,0
DA:364,0
DA:367,0
DA:368,0
DA:370,0
DA:371,0
DA:372,0
DA:374,0
DA:376,0
DA:377,0
DA:383,0
DA:384,0
DA:385,0
DA:390,0
DA:392,0
DA:393,0
DA:398,0
LF:76
LH:0
BRDA:320,0,0,0
BRDA:320,0,1,0
BRDA:363,1,0,0
BRDA:363,1,1,0
BRF:4
BRH:0
end_of_record
TN:
SF:services\inventoryService.js
FN:7,(anonymous_0)
FN:41,(anonymous_1)
FN:71,(anonymous_2)
FN:101,(anonymous_3)
FN:116,(anonymous_4)
FN:132,(anonymous_5)
FN:134,(anonymous_6)
FN:178,(anonymous_7)
FN:204,(anonymous_8)
FN:254,(anonymous_9)
FN:271,(anonymous_10)
FN:305,(anonymous_11)
FN:324,(anonymous_12)
FN:327,(anonymous_13)
FN:333,(anonymous_14)
FN:355,(anonymous_15)
FN:390,(anonymous_16)
FN:405,(anonymous_17)
FN:424,(anonymous_18)
FNF:19
FNH:0
FNDA:0,(anonymous_0)
FNDA:0,(anonymous_1)
FNDA:0,(anonymous_2)
FNDA:0,(anonymous_3)
FNDA:0,(anonymous_4)
FNDA:0,(anonymous_5)
FNDA:0,(anonymous_6)
FNDA:0,(anonymous_7)
FNDA:0,(anonymous_8)
FNDA:0,(anonymous_9)
FNDA:0,(anonymous_10)
FNDA:0,(anonymous_11)
FNDA:0,(anonymous_12)
FNDA:0,(anonymous_13)
FNDA:0,(anonymous_14)
FNDA:0,(anonymous_15)
FNDA:0,(anonymous_16)
FNDA:0,(anonymous_17)
FNDA:0,(anonymous_18)
DA:1,2
DA:2,2
DA:3,2
DA:8,0
DA:9,0
DA:10,0
DA:11,0
DA:14,0
DA:17,0
DA:33,0
DA:35,0
DA:36,0
DA:42,0
DA:43,0
DA:44,0
DA:45,0
DA:48,0
DA:51,0
DA:63,0
DA:65,0
DA:66,0
DA:72,0
DA:73,0
DA:74,0
DA:75,0
DA:78,0
DA:81,0
DA:93,0
DA:95,0
DA:96,0
DA:102,0
DA:103,0
DA:104,0
DA:105,0
DA:108,0
DA:110,0
DA:111,0
DA:117,0
DA:118,0
DA:130,0
DA:132,0
DA:133,0
DA:134,0
DA:135,0
DA:136,0
DA:155,0
DA:156,0
DA:170,0
DA:172,0
DA:173,0
DA:179,0
DA:180,0
DA:181,0
DA:183,0
DA:184,0
DA:193,0
DA:196,0
DA:198,0
DA:199,0
DA:205,0
DA:215,0
DA:217,0
DA:219,0
DA:220,0
DA:221,0
DA:222,0
DA:232,0
DA:233,0
DA:243,0
DA:244,0
DA:246,0
DA:252,0
DA:254,0
DA:255,0
DA:270,0
DA:271,0
DA:286,0
DA:289,0
DA:299,0
DA:300,0
DA:306,0
DA:307,0
DA:308,0
DA:309,0
DA:318,0
DA:320,0
DA:323,0
DA:324,0
DA:326,0
DA:327,0
DA:328,0
DA:333,0
DA:336,0
DA:337,0
DA:339,0
DA:349,0
DA:350,0
DA:356,0
DA:357,0
DA:358,0
DA:360,0
DA:361,0
DA:362,0
DA:363,0
DA:364,0
DA:373,0
DA:382,0
DA:384,0
DA:385,0
DA:391,0
DA:392,0
DA:403,0
DA:405,0
DA:406,0
DA:407,0
DA:416,0
DA:418,0
DA:419,0
DA:425,0
DA:426,0
DA:427,0
DA:428,0
DA:431,0
DA:432,0
DA:433,0
DA:434,0
DA:437,0
DA:438,0
DA:440,0
DA:441,0
DA:444,0
DA:445,0
DA:447,0
DA:448,0
DA:452,0
DA:453,0
DA:455,0
DA:456,0
DA:461,2
LF:139
LH:4
BRDA:10,0,0,0
BRDA:10,0,1,0
BRDA:27,1,0,0
BRDA:27,1,1,0
BRDA:44,2,0,0
BRDA:44,2,1,0
BRDA:74,3,0,0
BRDA:74,3,1,0
BRDA:104,4,0,0
BRDA:104,4,1,0
BRDA:133,5,0,0
BRDA:133,5,1,0
BRDA:133,6,0,0
BRDA:133,6,1,0
BRDA:135,7,0,0
BRDA:135,7,1,0
BRDA:135,8,0,0
BRDA:135,8,1,0
BRDA:150,9,0,0
BRDA:150,9,1,0
BRDA:155,10,0,0
BRDA:155,10,1,0
BRDA:155,11,0,0
BRDA:155,11,1,0
BRDA:164,12,0,0
BRDA:164,12,1,0
BRDA:181,13,0,0
BRDA:181,13,1,0
BRDA:204,14,0,0
BRDA:211,15,0,0
BRDA:212,16,0,0
BRDA:213,17,0,0
BRDA:214,18,0,0
BRDA:219,19,0,0
BRDA:219,19,1,0
BRDA:220,20,0,0
BRDA:220,20,1,0
BRDA:221,21,0,0
BRDA:221,21,1,0
BRDA:232,22,0,0
BRDA:232,22,1,0
BRDA:244,23,0,0
BRDA:244,23,1,0
BRDA:270,24,0,0
BRDA:270,24,1,0
BRDA:270,25,0,0
BRDA:270,25,1,0
BRDA:305,26,0,0
BRDA:308,27,0,0
BRDA:308,27,1,0
BRDA:316,28,0,0
BRDA:317,29,0,0
BRDA:323,30,0,0
BRDA:323,30,1,0
BRDA:326,31,0,0
BRDA:326,31,1,0
BRDA:326,32,0,0
BRDA:326,32,1,0
BRDA:328,33,0,0
BRDA:328,33,1,0
BRDA:368,34,0,0
BRDA:368,34,1,0
BRDA:427,35,0,0
BRDA:427,35,1,0
BRDA:431,36,0,0
BRDA:431,36,1,0
BRDA:433,37,0,0
BRDA:433,37,1,0
BRDA:437,38,0,0
BRDA:437,38,1,0
BRDA:440,39,0,0
BRDA:440,39,1,0
BRDA:444,40,0,0
BRDA:444,40,1,0
BRDA:447,41,0,0
BRDA:447,41,1,0
BRF:76
BRH:0
end_of_record
TN:
SF:services\orderService.js
FN:9,(anonymous_0)
FN:66,(anonymous_1)
FN:140,(anonymous_2)
FN:154,(anonymous_3)
FN:178,(anonymous_4)
FN:204,(anonymous_5)
FN:250,(anonymous_6)
FN:285,(anonymous_7)
FN:343,(anonymous_8)
FN:383,(anonymous_9)
FN:406,(anonymous_10)
FN:418,(anonymous_11)
FN:460,(anonymous_12)
FN:481,(anonymous_13)
FNF:14
FNH:0
FNDA:0,(anonymous_0)
FNDA:0,(anonymous_1)
FNDA:0,(anonymous_2)
FNDA:0,(anonymous_3)
FNDA:0,(anonymous_4)
FNDA:0,(anonymous_5)
FNDA:0,(anonymous_6)
FNDA:0,(anonymous_7)
FNDA:0,(anonymous_8)
FNDA:0,(anonymous_9)
FNDA:0,(anonymous_10)
FNDA:0,(anonymous_11)
FNDA:0,(anonymous_12)
FNDA:0,(anonymous_13)
DA:1,2
DA:2,2
DA:3,2
DA:4,2
DA:5,2
DA:10,0
DA:12,0
DA:13,0
DA:19,0
DA:20,0
DA:25,0
DA:26,0
DA:36,0
DA:43,0
DA:46,0
DA:58,0
DA:60,0
DA:61,0
DA:67,0
DA:68,0
DA:69,0
DA:70,0
DA:73,0
DA:74,0
DA:77,0
DA:78,0
DA:80,0
DA:81,0
DA:89,0
DA:91,0
DA:92,0
DA:105,0
DA:106,0
DA:119,0
DA:132,0
DA:134,0
DA:135,0
DA:141,0
DA:142,0
DA:143,0
DA:144,0
DA:148,0
DA:149,0
DA:153,0
DA:154,0
DA:155,0
DA:160,0
DA:161,0
DA:164,0
DA:165,0
DA:169,0
DA:172,0
DA:178,0
DA:184,0
DA:196,0
DA:198,0
DA:199,0
DA:205,0
DA:206,0
DA:207,0
DA:208,0
DA:211,0
DA:214,0
DA:215,0
DA:216,0
DA:217,0
DA:229,0
DA:242,0
DA:244,0
DA:245,0
DA:251,0
DA:252,0
DA:253,0
DA:254,0
DA:258,0
DA:259,0
DA:262,0
DA:265,0
DA:277,0
DA:279,0
DA:280,0
DA:286,0
DA:287,0
DA:288,0
DA:289,0
DA:292,0
DA:293,0
DA:294,0
DA:297,0
DA:298,0
DA:302,0
DA:306,0
DA:313,0
DA:322,0
DA:335,0
DA:337,0
DA:338,0
DA:344,0
DA:345,0
DA:346,0
DA:347,0
DA:350,0
DA:353,0
DA:354,0
DA:364,0
DA:375,0
DA:377,0
DA:378,0
DA:384,0
DA:385,0
DA:403,0
DA:407,0
DA:408,0
DA:412,0
DA:413,0
DA:419,0
DA:420,0
DA:422,0
DA:423,0
DA:424,0
DA:425,0
DA:426,0
DA:432,0
DA:433,0
DA:435,0
DA:442,0
DA:444,0
DA:454,0
DA:455,0
DA:461,0
DA:462,0
DA:469,0
DA:470,0
DA:473,0
DA:475,0
DA:476,0
DA:482,0
DA:491,0
DA:495,2
LF:139
LH:6
BRDA:19,0,0,0
BRDA:19,0,1,0
BRDA:30,1,0,0
BRDA:30,1,1,0
BRDA:40,2,0,0
BRDA:40,2,1,0
BRDA:69,3,0,0
BRDA:69,3,1,0
BRDA:77,4,0,0
BRDA:77,4,1,0
BRDA:78,5,0,0
BRDA:78,5,1,0
BRDA:89,6,0,0
BRDA:89,6,1,0
BRDA:105,7,0,0
BRDA:105,7,1,0
BRDA:143,8,0,0
BRDA:143,8,1,0
BRDA:148,9,0,0
BRDA:148,9,1,0
BRDA:155,10,0,0
BRDA:155,10,1,0
BRDA:155,10,2,0
BRDA:160,11,0,0
BRDA:160,11,1,0
BRDA:164,12,0,0
BRDA:164,12,1,0
BRDA:207,13,0,0
BRDA:207,13,1,0
BRDA:214,14,0,0
BRDA:214,14,1,0
BRDA:253,15,0,0
BRDA:253,15,1,0
BRDA:258,16,0,0
BRDA:258,16,1,0
BRDA:288,17,0,0
BRDA:288,17,1,0
BRDA:293,18,0,0
BRDA:293,18,1,0
BRDA:297,19,0,0
BRDA:297,19,1,0
BRDA:346,20,0,0
BRDA:346,20,1,0
BRDA:418,21,0,0
BRDA:418,22,0,0
BRDA:418,23,0,0
BRDA:422,24,0,0
BRDA:422,24,1,0
BRDA:423,25,0,0
BRDA:423,25,1,0
BRDA:424,26,0,0
BRDA:424,26,1,0
BRDA:425,27,0,0
BRDA:425,27,1,0
BRDA:425,28,0,0
BRDA:425,28,1,0
BRDA:469,29,0,0
BRDA:469,29,1,0
BRDA:491,30,0,0
BRDA:491,30,1,0
BRF:60
BRH:0
end_of_record
TN:
SF:services\paymentService.js
FN:9,(anonymous_0)
FN:89,(anonymous_1)
FN:127,(anonymous_2)
FN:154,(anonymous_3)
FN:200,(anonymous_4)
FN:212,(anonymous_5)
FN:229,(anonymous_6)
FN:260,(anonymous_7)
FN:273,(anonymous_8)
FN:289,(anonymous_9)
FN:308,(anonymous_10)
FN:343,(anonymous_11)
FN:361,(anonymous_12)
FN:369,(anonymous_13)
FNF:14
FNH:0
FNDA:0,(anonymous_0)
FNDA:0,(anonymous_1)
FNDA:0,(anonymous_2)
FNDA:0,(anonymous_3)
FNDA:0,(anonymous_4)
FNDA:0,(anonymous_5)
FNDA:0,(anonymous_6)
FNDA:0,(anonymous_7)
FNDA:0,(anonymous_8)
FNDA:0,(anonymous_9)
FNDA:0,(anonymous_10)
FNDA:0,(anonymous_11)
FNDA:0,(anonymous_12)
FNDA:0,(anonymous_13)
DA:1,0
DA:2,0
DA:3,0
DA:10,0
DA:12,0
DA:13,0
DA:14,0
DA:18,0
DA:19,0
DA:20,0
DA:25,0
DA:26,0
DA:28,0
DA:38,0
DA:44,0
DA:70,0
DA:75,0
DA:81,0
DA:82,0
DA:90,0
DA:91,0
DA:93,0
DA:94,0
DA:95,0
DA:96,0
DA:100,0
DA:108,0
DA:110,0
DA:117,0
DA:119,0
DA:120,0
DA:128,0
DA:129,0
DA:130,0
DA:131,0
DA:135,0
DA:140,0
DA:146,0
DA:147,0
DA:155,0
DA:156,0
DA:157,0
DA:158,0
DA:161,0
DA:162,0
DA:166,0
DA:178,0
DA:185,0
DA:192,0
DA:193,0
DA:201,0
DA:202,0
DA:203,0
DA:204,0
DA:207,0
DA:212,0
DA:221,0
DA:222,0
DA:230,0
DA:231,0
DA:232,0
DA:233,0
DA:237,0
DA:242,0
DA:243,0
DA:250,0
DA:252,0
DA:253,0
DA:261,0
DA:262,0
DA:263,0
DA:265,0
DA:266,0
DA:274,0
DA:275,0
DA:277,0
DA:278,0
DA:279,0
DA:281,0
DA:282,0
DA:288,0
DA:289,0
DA:290,0
DA:292,0
DA:293,0
DA:294,0
DA:300,0
DA:309,0
DA:310,0
DA:312,0
DA:313,0
DA:316,0
DA:317,0
DA:320,0
DA:321,0
DA:326,0
DA:327,0
DA:330,0
DA:333,0
DA:335,0
DA:336,0
DA:344,0
DA:345,0
DA:346,0
DA:347,0
DA:354,0
DA:363,0
DA:370,0
DA:371,0
DA:374,0
DA:376,0
DA:377,0
DA:379,0
DA:380,0
DA:382,0
DA:383,0
DA:385,0
DA:386,0
DA:388,0
DA:392,0
DA:409,0
DA:415,0
DA:416,0
DA:421,0
LF:124
LH:0
BRDA:13,0,0,0
BRDA:13,0,1,0
BRDA:19,1,0,0
BRDA:19,1,1,0
BRDA:25,2,0,0
BRDA:25,2,1,0
BRDA:93,3,0,0
BRDA:93,3,1,0
BRDA:95,4,0,0
BRDA:95,4,1,0
BRDA:104,5,0,0
BRDA:104,5,1,0
BRDA:130,6,0,0
BRDA:130,6,1,0
BRDA:154,7,0,0
BRDA:157,8,0,0
BRDA:157,8,1,0
BRDA:161,9,0,0
BRDA:161,9,1,0
BRDA:168,10,0,0
BRDA:168,10,1,0
BRDA:181,11,0,0
BRDA:181,11,1,0
BRDA:203,12,0,0
BRDA:203,12,1,0
BRDA:203,13,0,0
BRDA:203,13,1,0
BRDA:229,14,0,0
BRDA:232,15,0,0
BRDA:232,15,1,0
BRDA:242,16,0,0
BRDA:242,16,1,0
BRDA:279,17,0,0
BRDA:279,17,1,0
BRDA:284,18,0,0
BRDA:284,18,1,0
BRDA:288,19,0,0
BRDA:288,19,1,0
BRDA:290,20,0,0
BRDA:290,20,1,0
BRDA:292,21,0,0
BRDA:292,21,1,0
BRDA:310,22,0,0
BRDA:310,22,1,0
BRDA:310,22,2,0
BRDA:310,22,3,0
BRDA:310,22,4,0
BRDA:310,22,5,0
BRDA:310,22,6,0
BRDA:346,23,0,0
BRDA:346,23,1,0
BRDA:369,24,0,0
BRDA:374,25,0,0
BRDA:374,25,1,0
BRDA:374,25,2,0
BRDA:374,25,3,0
BRDA:374,25,4,0
BRDA:409,26,0,0
BRDA:409,26,1,0
BRF:59
BRH:0
end_of_record
TN:
SF:utils\email.js
FN:4,(anonymous_0)
FN:19,(anonymous_1)
FN:76,(anonymous_2)
FN:127,(anonymous_3)
FN:179,(anonymous_4)
FN:226,(anonymous_5)
FN:256,(anonymous_6)
FN:306,(anonymous_7)
FN:364,(anonymous_8)
FN:417,(anonymous_9)
FN:471,(anonymous_10)
FN:502,(anonymous_11)
FN:510,(anonymous_12)
FN:518,(anonymous_13)
FN:530,(anonymous_14)
FN:538,(anonymous_15)
FN:547,(anonymous_16)
FN:556,(anonymous_17)
FN:565,(anonymous_18)
FN:575,(anonymous_19)
FNF:20
FNH:0
FNDA:0,(anonymous_0)
FNDA:0,(anonymous_1)
FNDA:0,(anonymous_2)
FNDA:0,(anonymous_3)
FNDA:0,(anonymous_4)
FNDA:0,(anonymous_5)
FNDA:0,(anonymous_6)
FNDA:0,(anonymous_7)
FNDA:0,(anonymous_8)
FNDA:0,(anonymous_9)
FNDA:0,(anonymous_10)
FNDA:0,(anonymous_11)
FNDA:0,(anonymous_12)
FNDA:0,(anonymous_13)
FNDA:0,(anonymous_14)
FNDA:0,(anonymous_15)
FNDA:0,(anonymous_16)
FNDA:0,(anonymous_17)
FNDA:0,(anonymous_18)
FNDA:0,(anonymous_19)
DA:1,2
DA:4,2
DA:5,0
DA:18,2
DA:19,0
DA:76,0
DA:127,0
DA:179,0
DA:226,0
DA:256,0
DA:306,0
DA:364,0
DA:417,0
DA:471,2
DA:472,0
DA:473,0
DA:475,0
DA:482,0
DA:483,0
DA:484,0
DA:485,0
DA:488,0
DA:489,0
DA:492,0
DA:493,0
DA:494,0
DA:496,0
DA:497,0
DA:502,2
DA:503,0
DA:510,2
DA:511,0
DA:518,2
DA:519,0
DA:530,2
DA:531,0
DA:538,2
DA:539,0
DA:540,0
DA:547,2
DA:548,0
DA:549,0
DA:556,2
DA:557,0
DA:558,0
DA:565,2
DA:566,0
DA:567,0
DA:575,2
DA:576,0
DA:577,0
DA:578,0
DA:579,0
DA:580,0
DA:582,0
DA:583,0
DA:587,2
LF:57
LH:14
BRDA:6,0,0,0
BRDA:6,0,1,0
BRDA:7,1,0,0
BRDA:7,1,1,0
BRDA:8,2,0,0
BRDA:8,2,1,0
BRDA:290,3,0,0
BRDA:290,3,1,0
BRDA:482,4,0,0
BRDA:482,4,1,0
BRDA:482,5,0,0
BRDA:482,5,1,0
BRDA:483,6,0,0
BRDA:483,6,1,0
BRF:14
BRH:0
end_of_record
